mode: set
go2tv.app/mcp-beam/internal/diagnostics/dependencies.go:18.44,27.2 3 1
go2tv.app/mcp-beam/internal/diagnostics/dependencies.go:29.45,31.16 2 1
go2tv.app/mcp-beam/internal/diagnostics/dependencies.go:31.16,33.3 1 1
go2tv.app/mcp-beam/internal/diagnostics/dependencies.go:35.2,38.3 1 1
go2tv.app/mcp-beam/internal/youtubecast/client.go:56.52,58.16 2 0
go2tv.app/mcp-beam/internal/youtubecast/client.go:58.16,60.3 1 0
go2tv.app/mcp-beam/internal/youtubecast/client.go:61.2,63.20 3 0
go2tv.app/mcp-beam/internal/youtubecast/client.go:63.20,64.62 1 0
go2tv.app/mcp-beam/internal/youtubecast/client.go:64.62,66.4 1 0
go2tv.app/mcp-beam/internal/youtubecast/client.go:69.2,80.8 3 0
go2tv.app/mcp-beam/internal/youtubecast/client.go:84.34,87.52 3 0
go2tv.app/mcp-beam/internal/youtubecast/client.go:87.52,89.3 1 0
go2tv.app/mcp-beam/internal/youtubecast/client.go:90.2,91.12 2 0
go2tv.app/mcp-beam/internal/youtubecast/client.go:95.89,97.28 2 0
go2tv.app/mcp-beam/internal/youtubecast/client.go:97.28,99.3 1 0
go2tv.app/mcp-beam/internal/youtubecast/client.go:100.2,100.22 1 0
go2tv.app/mcp-beam/internal/youtubecast/client.go:100.22,102.3 1 0
go2tv.app/mcp-beam/internal/youtubecast/client.go:103.2,103.16 1 0
go2tv.app/mcp-beam/internal/youtubecast/client.go:103.16,105.3 1 0
go2tv.app/mcp-beam/internal/youtubecast/client.go:107.2,110.16 4 0
go2tv.app/mcp-beam/internal/youtubecast/client.go:110.16,112.3 1 0
go2tv.app/mcp-beam/internal/youtubecast/client.go:114.2,114.48 1 0
go2tv.app/mcp-beam/internal/youtubecast/client.go:114.48,116.3 1 0
go2tv.app/mcp-beam/internal/youtubecast/client.go:117.2,118.16 2 0
go2tv.app/mcp-beam/internal/youtubecast/client.go:118.16,120.3 1 0
go2tv.app/mcp-beam/internal/youtubecast/client.go:121.2,122.70 2 0
go2tv.app/mcp-beam/internal/youtubecast/client.go:122.70,124.3 1 0
go2tv.app/mcp-beam/internal/youtubecast/client.go:125.2,125.12 1 0
go2tv.app/mcp-beam/internal/youtubecast/client.go:128.62,129.83 1 0
go2tv.app/mcp-beam/internal/youtubecast/client.go:129.83,131.3 1 0
go2tv.app/mcp-beam/internal/youtubecast/client.go:133.2,137.83 2 0
go2tv.app/mcp-beam/internal/youtubecast/client.go:137.83,139.3 1 0
go2tv.app/mcp-beam/internal/youtubecast/client.go:141.2,142.55 2 0
go2tv.app/mcp-beam/internal/youtubecast/client.go:142.55,144.3 1 0
go2tv.app/mcp-beam/internal/youtubecast/client.go:145.2,145.34 1 0
go2tv.app/mcp-beam/internal/youtubecast/client.go:145.34,146.35 1 0
go2tv.app/mcp-beam/internal/youtubecast/client.go:146.35,148.4 1 0
go2tv.app/mcp-beam/internal/youtubecast/client.go:149.3,150.84 2 0
go2tv.app/mcp-beam/internal/youtubecast/client.go:150.84,152.4 1 0
go2tv.app/mcp-beam/internal/youtubecast/client.go:153.3,153.10 1 0
go2tv.app/mcp-beam/internal/youtubecast/client.go:154.21,155.20 1 0
go2tv.app/mcp-beam/internal/youtubecast/client.go:156.45,156.45 0 0
go2tv.app/mcp-beam/internal/youtubecast/client.go:159.2,159.65 1 0
go2tv.app/mcp-beam/internal/youtubecast/client.go:162.69,164.41 2 0
go2tv.app/mcp-beam/internal/youtubecast/client.go:164.41,166.3 1 0
go2tv.app/mcp-beam/internal/youtubecast/client.go:167.2,170.49 3 0
go2tv.app/mcp-beam/internal/youtubecast/client.go:170.49,171.43 1 0
go2tv.app/mcp-beam/internal/youtubecast/client.go:171.43,173.4 1 0
go2tv.app/mcp-beam/internal/youtubecast/client.go:174.3,174.54 1 0
go2tv.app/mcp-beam/internal/youtubecast/client.go:174.54,175.11 1 0
go2tv.app/mcp-beam/internal/youtubecast/client.go:176.24,176.24 0 0
go2tv.app/mcp-beam/internal/youtubecast/client.go:177.12,177.12 0 0
go2tv.app/mcp-beam/internal/youtubecast/client.go:182.2,183.79 2 0
go2tv.app/mcp-beam/internal/youtubecast/client.go:183.79,185.3 1 0
go2tv.app/mcp-beam/internal/youtubecast/client.go:187.2,188.33 2 0
go2tv.app/mcp-beam/internal/youtubecast/client.go:188.33,189.71 1 0
go2tv.app/mcp-beam/internal/youtubecast/client.go:189.71,191.4 1 0
go2tv.app/mcp-beam/internal/youtubecast/client.go:193.2,196.9 3 0
go2tv.app/mcp-beam/internal/youtubecast/client.go:197.20,198.23 1 0
go2tv.app/mcp-beam/internal/youtubecast/client.go:199.24,200.17 1 0
go2tv.app/mcp-beam/internal/youtubecast/client.go:201.17,202.66 1 0
go2tv.app/mcp-beam/internal/youtubecast/client.go:206.43,213.62 2 1
go2tv.app/mcp-beam/internal/youtubecast/client.go:213.62,215.3 1 0
go2tv.app/mcp-beam/internal/youtubecast/client.go:216.2,216.28 1 1
go2tv.app/mcp-beam/internal/youtubecast/client.go:216.28,218.3 1 1
go2tv.app/mcp-beam/internal/youtubecast/client.go:219.2,219.45 1 1
go2tv.app/mcp-beam/internal/youtubecast/client.go:227.43,227.63 1 0
go2tv.app/mcp-beam/internal/youtubecast/client.go:229.94,233.2 3 0
go2tv.app/mcp-beam/internal/youtubecast/client.go:236.35,238.2 1 1
go2tv.app/mcp-beam/internal/youtubecast/client.go:241.38,243.2 1 0
go2tv.app/mcp-beam/internal/youtubecast/client.go:247.130,249.2 1 0
go2tv.app/mcp-beam/internal/youtubecast/client.go:251.140,253.2 1 0
go2tv.app/mcp-beam/internal/youtubecast/client.go:255.31,259.2 3 0
go2tv.app/mcp-beam/internal/youtubecast/client.go:261.32,265.2 3 0
go2tv.app/mcp-beam/internal/youtubecast/client.go:267.42,271.2 3 0
go2tv.app/mcp-beam/internal/youtubecast/client.go:273.31,277.2 3 0
go2tv.app/mcp-beam/internal/youtubecast/client.go:279.49,283.2 3 0
go2tv.app/mcp-beam/internal/youtubecast/client.go:285.45,289.2 3 0
go2tv.app/mcp-beam/internal/youtubecast/client.go:291.64,292.39 1 0
go2tv.app/mcp-beam/internal/youtubecast/client.go:292.39,294.3 1 0
go2tv.app/mcp-beam/internal/youtubecast/client.go:295.2,297.16 3 0
go2tv.app/mcp-beam/internal/youtubecast/client.go:297.16,300.3 2 0
go2tv.app/mcp-beam/internal/youtubecast/client.go:301.2,301.18 1 0
go2tv.app/mcp-beam/internal/youtubecast/client.go:301.18,304.31 3 0
go2tv.app/mcp-beam/internal/youtubecast/client.go:304.31,306.4 1 0
go2tv.app/mcp-beam/internal/youtubecast/client.go:307.3,308.49 2 0
go2tv.app/mcp-beam/internal/youtubecast/client.go:309.8,312.3 1 0
go2tv.app/mcp-beam/internal/youtubecast/client.go:313.2,313.20 1 0
go2tv.app/mcp-beam/internal/youtubecast/client.go:316.46,321.2 4 0
go2tv.app/mcp-beam/internal/youtubecast/lounge.go:42.80,43.23 1 1
go2tv.app/mcp-beam/internal/youtubecast/lounge.go:43.23,45.3 1 0
go2tv.app/mcp-beam/internal/youtubecast/lounge.go:46.2,50.3 1 1
go2tv.app/mcp-beam/internal/youtubecast/lounge.go:53.42,55.2 1 1
go2tv.app/mcp-beam/internal/youtubecast/lounge.go:57.49,59.2 1 1
go2tv.app/mcp-beam/internal/youtubecast/lounge.go:62.96,64.19 2 1
go2tv.app/mcp-beam/internal/youtubecast/lounge.go:64.19,66.3 1 0
go2tv.app/mcp-beam/internal/youtubecast/lounge.go:67.2,67.22 1 1
go2tv.app/mcp-beam/internal/youtubecast/lounge.go:67.22,69.3 1 0
go2tv.app/mcp-beam/internal/youtubecast/lounge.go:71.2,74.46 3 1
go2tv.app/mcp-beam/internal/youtubecast/lounge.go:74.46,76.3 1 0
go2tv.app/mcp-beam/internal/youtubecast/lounge.go:77.2,77.36 1 1
go2tv.app/mcp-beam/internal/youtubecast/lounge.go:77.36,79.3 1 0
go2tv.app/mcp-beam/internal/youtubecast/lounge.go:80.2,80.54 1 1
go2tv.app/mcp-beam/internal/youtubecast/lounge.go:83.67,86.16 3 1
go2tv.app/mcp-beam/internal/youtubecast/lounge.go:86.16,88.3 1 0
go2tv.app/mcp-beam/internal/youtubecast/lounge.go:89.2,93.16 4 1
go2tv.app/mcp-beam/internal/youtubecast/lounge.go:93.16,95.3 1 0
go2tv.app/mcp-beam/internal/youtubecast/lounge.go:96.2,98.16 3 1
go2tv.app/mcp-beam/internal/youtubecast/lounge.go:98.16,100.3 1 0
go2tv.app/mcp-beam/internal/youtubecast/lounge.go:101.2,101.38 1 1
go2tv.app/mcp-beam/internal/youtubecast/lounge.go:101.38,103.3 1 0
go2tv.app/mcp-beam/internal/youtubecast/lounge.go:105.2,110.54 2 1
go2tv.app/mcp-beam/internal/youtubecast/lounge.go:110.54,112.3 1 0
go2tv.app/mcp-beam/internal/youtubecast/lounge.go:113.2,113.88 1 1
go2tv.app/mcp-beam/internal/youtubecast/lounge.go:113.88,115.3 1 0
go2tv.app/mcp-beam/internal/youtubecast/lounge.go:116.2,117.12 2 1
go2tv.app/mcp-beam/internal/youtubecast/lounge.go:120.57,139.16 6 1
go2tv.app/mcp-beam/internal/youtubecast/lounge.go:139.16,141.3 1 0
go2tv.app/mcp-beam/internal/youtubecast/lounge.go:143.2,145.39 3 1
go2tv.app/mcp-beam/internal/youtubecast/lounge.go:145.39,147.3 1 0
go2tv.app/mcp-beam/internal/youtubecast/lounge.go:148.2,151.12 4 1
go2tv.app/mcp-beam/internal/youtubecast/lounge.go:154.102,172.72 4 1
go2tv.app/mcp-beam/internal/youtubecast/lounge.go:172.72,174.3 1 0
go2tv.app/mcp-beam/internal/youtubecast/lounge.go:175.2,175.12 1 1
go2tv.app/mcp-beam/internal/youtubecast/lounge.go:178.130,180.16 2 1
go2tv.app/mcp-beam/internal/youtubecast/lounge.go:180.16,182.3 1 0
go2tv.app/mcp-beam/internal/youtubecast/lounge.go:183.2,186.16 3 1
go2tv.app/mcp-beam/internal/youtubecast/lounge.go:186.16,188.3 1 0
go2tv.app/mcp-beam/internal/youtubecast/lounge.go:189.2,191.25 3 1
go2tv.app/mcp-beam/internal/youtubecast/lounge.go:191.25,193.3 1 1
go2tv.app/mcp-beam/internal/youtubecast/lounge.go:195.2,196.16 2 1
go2tv.app/mcp-beam/internal/youtubecast/lounge.go:196.16,198.3 1 0
go2tv.app/mcp-beam/internal/youtubecast/lounge.go:199.2,201.16 3 1
go2tv.app/mcp-beam/internal/youtubecast/lounge.go:201.16,203.3 1 0
go2tv.app/mcp-beam/internal/youtubecast/lounge.go:204.2,204.38 1 1
go2tv.app/mcp-beam/internal/youtubecast/lounge.go:204.38,206.3 1 0
go2tv.app/mcp-beam/internal/youtubecast/lounge.go:207.2,207.20 1 1
go2tv.app/mcp-beam/internal/youtubecast/lounge.go:207.20,210.3 2 1
go2tv.app/mcp-beam/internal/youtubecast/lounge.go:211.2,211.26 1 1
go2tv.app/mcp-beam/internal/youtubecast/lounge.go:214.39,216.17 2 0
go2tv.app/mcp-beam/internal/youtubecast/lounge.go:216.17,218.3 1 0
go2tv.app/mcp-beam/internal/youtubecast/lounge.go:219.2,219.22 1 0
go2tv.app/mcp-beam/cmd/release-packager/main.go:13.13,23.16 4 0
go2tv.app/mcp-beam/cmd/release-packager/main.go:23.16,26.3 2 0
go2tv.app/mcp-beam/cmd/release-packager/main.go:28.2,28.37 1 0
go2tv.app/mcp-beam/cmd/release-packager/main.go:28.37,30.3 1 0
go2tv.app/mcp-beam/cmd/release-packager/main.go:31.2,31.27 1 0
go2tv.app/mcp-beam/main.go:38.13,43.18 4 0
go2tv.app/mcp-beam/main.go:43.18,46.3 2 0
go2tv.app/mcp-beam/main.go:48.2,51.15 3 0
go2tv.app/mcp-beam/main.go:51.15,63.45 9 0
go2tv.app/mcp-beam/main.go:63.45,66.4 2 0
go2tv.app/mcp-beam/main.go:67.3,67.9 1 0
go2tv.app/mcp-beam/main.go:70.2,72.19 3 0
go2tv.app/mcp-beam/main.go:72.19,75.3 2 0
go2tv.app/mcp-beam/main.go:76.2,81.27 3 0
go2tv.app/mcp-beam/main.go:81.27,83.3 1 0
go2tv.app/mcp-beam/main.go:83.8,85.3 1 0
go2tv.app/mcp-beam/main.go:87.2,109.12 8 0
go2tv.app/mcp-beam/main.go:109.12,111.3 1 0
go2tv.app/mcp-beam/main.go:113.2,114.9 2 0
go2tv.app/mcp-beam/main.go:115.27,115.27 0 0
go2tv.app/mcp-beam/main.go:116.23,117.24 1 0
go2tv.app/mcp-beam/main.go:119.2,119.19 1 0
go2tv.app/mcp-beam/main.go:119.19,121.3 1 0
go2tv.app/mcp-beam/main.go:121.8,123.3 1 0
go2tv.app/mcp-beam/main.go:125.2,129.22 5 0
go2tv.app/mcp-beam/main.go:129.22,131.3 1 0
go2tv.app/mcp-beam/main.go:133.2,134.21 2 0
go2tv.app/mcp-beam/main.go:134.21,137.3 2 0
go2tv.app/mcp-beam/main.go:137.8,137.66 1 0
go2tv.app/mcp-beam/main.go:137.66,140.3 2 0
go2tv.app/mcp-beam/main.go:141.2,141.19 1 0
go2tv.app/mcp-beam/main.go:141.19,143.3 1 0
go2tv.app/mcp-beam/main.go:146.43,147.49 1 0
go2tv.app/mcp-beam/main.go:148.18,149.24 1 0
go2tv.app/mcp-beam/main.go:150.15,151.25 1 0
go2tv.app/mcp-beam/main.go:152.25,153.24 1 0
go2tv.app/mcp-beam/main.go:154.15,155.25 1 0
go2tv.app/mcp-beam/main.go:156.10,158.24 2 0
go2tv.app/mcp-beam/main.go:162.51,164.15 2 0
go2tv.app/mcp-beam/main.go:164.15,166.3 1 0
go2tv.app/mcp-beam/main.go:167.2,168.16 2 0
go2tv.app/mcp-beam/main.go:168.16,170.3 1 0
go2tv.app/mcp-beam/main.go:171.2,171.15 1 0
go2tv.app/mcp-beam/internal/adapters/go2tv/wiring.go:22.25,29.2 1 0
go2tv.app/mcp-beam/internal/adapters/go2tv/wiring.go:33.61,35.2 1 0
go2tv.app/mcp-beam/internal/adapters/go2tv/wiring.go:37.68,39.2 1 0
go2tv.app/mcp-beam/internal/adapters/go2tv/wiring.go:43.82,45.16 2 0
go2tv.app/mcp-beam/internal/adapters/go2tv/wiring.go:45.16,47.3 1 0
go2tv.app/mcp-beam/internal/adapters/go2tv/wiring.go:49.2,49.48 1 0
go2tv.app/mcp-beam/internal/adapters/go2tv/wiring.go:56.45,58.2 1 0
go2tv.app/mcp-beam/internal/adapters/go2tv/wiring.go:60.141,62.2 1 0
go2tv.app/mcp-beam/internal/adapters/go2tv/wiring.go:64.151,66.2 1 0
go2tv.app/mcp-beam/internal/adapters/go2tv/wiring.go:68.42,70.2 1 0
go2tv.app/mcp-beam/internal/adapters/go2tv/wiring.go:72.43,74.2 1 0
go2tv.app/mcp-beam/internal/adapters/go2tv/wiring.go:76.53,78.2 1 0
go2tv.app/mcp-beam/internal/adapters/go2tv/wiring.go:80.42,82.2 1 0
go2tv.app/mcp-beam/internal/adapters/go2tv/wiring.go:84.60,86.2 1 0
go2tv.app/mcp-beam/internal/adapters/go2tv/wiring.go:88.56,90.2 1 0
go2tv.app/mcp-beam/internal/adapters/go2tv/wiring.go:92.75,94.2 1 0
go2tv.app/mcp-beam/internal/adapters/go2tv/wiring.go:96.57,98.2 1 0
go2tv.app/mcp-beam/internal/adapters/go2tv/wiring.go:102.91,104.2 1 0
go2tv.app/mcp-beam/internal/adapters/go2tv/wiring.go:108.85,110.16 2 0
go2tv.app/mcp-beam/internal/adapters/go2tv/wiring.go:110.16,112.3 1 0
go2tv.app/mcp-beam/internal/adapters/go2tv/wiring.go:114.2,114.51 1 0
go2tv.app/mcp-beam/internal/adapters/go2tv/wiring.go:121.60,123.2 1 0
go2tv.app/mcp-beam/internal/adapters/go2tv/wiring.go:125.51,127.2 1 0
go2tv.app/mcp-beam/internal/adapters/go2tv/wiring.go:129.65,131.2 1 0
go2tv.app/mcp-beam/internal/adapters/go2tv/wiring.go:133.67,135.2 1 0
go2tv.app/mcp-beam/internal/adapters/go2tv/wiring.go:137.66,139.2 1 0
go2tv.app/mcp-beam/internal/adapters/go2tv/wiring.go:141.63,143.2 1 0
go2tv.app/mcp-beam/internal/adapters/go2tv/wiring.go:145.64,147.2 1 0
go2tv.app/mcp-beam/internal/adapters/go2tv/wiring.go:149.64,151.2 1 0
go2tv.app/mcp-beam/internal/adapters/go2tv/wiring.go:153.67,155.2 1 0
go2tv.app/mcp-beam/internal/adapters/go2tv/wiring.go:157.53,159.2 1 0
go2tv.app/mcp-beam/internal/adapters/go2tv/wiring.go:161.62,163.2 1 0
go2tv.app/mcp-beam/internal/adapters/go2tv/wiring.go:165.48,167.2 1 0
go2tv.app/mcp-beam/internal/adapters/go2tv/wiring.go:169.59,171.2 1 0
go2tv.app/mcp-beam/internal/adapters/go2tv/wiring.go:173.64,175.2 1 0
go2tv.app/mcp-beam/internal/lifecycle/signals_windows.go:7.60,8.22 1 0
go2tv.app/mcp-beam/internal/lifecycle/signals_windows.go:8.22,10.3 1 0
go2tv.app/mcp-beam/internal/lifecycle/signals_windows.go:11.2,11.22 1 0
go2tv.app/mcp-beam/internal/domain/beam.go:129.36,130.14 1 0
go2tv.app/mcp-beam/internal/domain/beam.go:130.14,132.3 1 0
go2tv.app/mcp-beam/internal/domain/beam.go:133.2,133.34 1 0
go2tv.app/mcp-beam/internal/release/packager.go:47.76,48.42 1 0
go2tv.app/mcp-beam/internal/release/packager.go:48.42,50.3 1 0
go2tv.app/mcp-beam/internal/release/packager.go:51.2,51.44 1 0
go2tv.app/mcp-beam/internal/release/packager.go:51.44,53.3 1 0
go2tv.app/mcp-beam/internal/release/packager.go:54.2,54.43 1 0
go2tv.app/mcp-beam/internal/release/packager.go:54.43,56.3 1 0
go2tv.app/mcp-beam/internal/release/packager.go:57.2,58.23 2 0
go2tv.app/mcp-beam/internal/release/packager.go:58.23,60.3 1 0
go2tv.app/mcp-beam/internal/release/packager.go:62.2,63.16 2 0
go2tv.app/mcp-beam/internal/release/packager.go:63.16,65.3 1 0
go2tv.app/mcp-beam/internal/release/packager.go:66.2,67.16 2 0
go2tv.app/mcp-beam/internal/release/packager.go:67.16,69.3 1 0
go2tv.app/mcp-beam/internal/release/packager.go:71.2,71.45 1 0
go2tv.app/mcp-beam/internal/release/packager.go:71.45,73.3 1 0
go2tv.app/mcp-beam/internal/release/packager.go:74.2,74.51 1 0
go2tv.app/mcp-beam/internal/release/packager.go:74.51,76.3 1 0
go2tv.app/mcp-beam/internal/release/packager.go:78.2,79.54 2 0
go2tv.app/mcp-beam/internal/release/packager.go:79.54,81.3 1 0
go2tv.app/mcp-beam/internal/release/packager.go:82.2,85.33 3 0
go2tv.app/mcp-beam/internal/release/packager.go:85.33,88.52 3 0
go2tv.app/mcp-beam/internal/release/packager.go:88.52,90.4 1 0
go2tv.app/mcp-beam/internal/release/packager.go:92.3,94.69 3 0
go2tv.app/mcp-beam/internal/release/packager.go:94.69,96.4 1 0
go2tv.app/mcp-beam/internal/release/packager.go:98.3,98.59 1 0
go2tv.app/mcp-beam/internal/release/packager.go:98.59,100.4 1 0
go2tv.app/mcp-beam/internal/release/packager.go:102.3,104.31 3 0
go2tv.app/mcp-beam/internal/release/packager.go:104.31,105.57 1 0
go2tv.app/mcp-beam/internal/release/packager.go:105.57,107.5 1 0
go2tv.app/mcp-beam/internal/release/packager.go:108.9,109.59 1 0
go2tv.app/mcp-beam/internal/release/packager.go:109.59,111.5 1 0
go2tv.app/mcp-beam/internal/release/packager.go:114.3,119.5 1 0
go2tv.app/mcp-beam/internal/release/packager.go:122.2,122.58 1 0
go2tv.app/mcp-beam/internal/release/packager.go:122.58,124.3 1 0
go2tv.app/mcp-beam/internal/release/packager.go:126.2,126.23 1 0
go2tv.app/mcp-beam/internal/release/packager.go:129.59,131.2 1 0
go2tv.app/mcp-beam/internal/release/packager.go:133.56,134.30 1 0
go2tv.app/mcp-beam/internal/release/packager.go:134.30,136.3 1 0
go2tv.app/mcp-beam/internal/release/packager.go:137.2,137.85 1 0
go2tv.app/mcp-beam/internal/release/packager.go:140.37,141.23 1 0
go2tv.app/mcp-beam/internal/release/packager.go:141.23,143.3 1 0
go2tv.app/mcp-beam/internal/release/packager.go:144.2,144.19 1 0
go2tv.app/mcp-beam/internal/release/packager.go:147.93,158.16 6 0
go2tv.app/mcp-beam/internal/release/packager.go:158.16,160.3 1 0
go2tv.app/mcp-beam/internal/release/packager.go:161.2,161.12 1 0
go2tv.app/mcp-beam/internal/release/packager.go:164.53,170.29 2 0
go2tv.app/mcp-beam/internal/release/packager.go:170.29,173.44 3 0
go2tv.app/mcp-beam/internal/release/packager.go:173.44,175.4 1 0
go2tv.app/mcp-beam/internal/release/packager.go:177.2,177.12 1 0
go2tv.app/mcp-beam/internal/release/packager.go:180.38,182.16 2 0
go2tv.app/mcp-beam/internal/release/packager.go:182.16,184.3 1 0
go2tv.app/mcp-beam/internal/release/packager.go:185.2,187.62 2 0
go2tv.app/mcp-beam/internal/release/packager.go:187.62,189.3 1 0
go2tv.app/mcp-beam/internal/release/packager.go:191.2,192.16 2 0
go2tv.app/mcp-beam/internal/release/packager.go:192.16,194.3 1 0
go2tv.app/mcp-beam/internal/release/packager.go:196.2,196.53 1 0
go2tv.app/mcp-beam/internal/release/packager.go:196.53,199.3 2 0
go2tv.app/mcp-beam/internal/release/packager.go:200.2,200.24 1 0
go2tv.app/mcp-beam/internal/release/packager.go:203.49,205.16 2 0
go2tv.app/mcp-beam/internal/release/packager.go:205.16,207.3 1 0
go2tv.app/mcp-beam/internal/release/packager.go:208.2,217.85 7 0
go2tv.app/mcp-beam/internal/release/packager.go:217.85,218.21 1 0
go2tv.app/mcp-beam/internal/release/packager.go:218.21,220.4 1 0
go2tv.app/mcp-beam/internal/release/packager.go:221.3,222.17 2 0
go2tv.app/mcp-beam/internal/release/packager.go:222.17,224.4 1 0
go2tv.app/mcp-beam/internal/release/packager.go:225.3,226.17 2 0
go2tv.app/mcp-beam/internal/release/packager.go:226.17,228.4 1 0
go2tv.app/mcp-beam/internal/release/packager.go:230.3,231.17 2 0
go2tv.app/mcp-beam/internal/release/packager.go:231.17,233.4 1 0
go2tv.app/mcp-beam/internal/release/packager.go:235.3,236.17 2 0
go2tv.app/mcp-beam/internal/release/packager.go:236.17,238.4 1 0
go2tv.app/mcp-beam/internal/release/packager.go:239.3,241.45 2 0
go2tv.app/mcp-beam/internal/release/packager.go:241.45,243.4 1 0
go2tv.app/mcp-beam/internal/release/packager.go:244.3,244.31 1 0
go2tv.app/mcp-beam/internal/release/packager.go:244.31,246.4 1 0
go2tv.app/mcp-beam/internal/release/packager.go:248.3,249.17 2 0
go2tv.app/mcp-beam/internal/release/packager.go:249.17,251.4 1 0
go2tv.app/mcp-beam/internal/release/packager.go:252.3,255.13 3 0
go2tv.app/mcp-beam/internal/release/packager.go:259.47,261.16 2 0
go2tv.app/mcp-beam/internal/release/packager.go:261.16,263.3 1 0
go2tv.app/mcp-beam/internal/release/packager.go:264.2,270.85 5 0
go2tv.app/mcp-beam/internal/release/packager.go:270.85,271.21 1 0
go2tv.app/mcp-beam/internal/release/packager.go:271.21,273.4 1 0
go2tv.app/mcp-beam/internal/release/packager.go:274.3,275.17 2 0
go2tv.app/mcp-beam/internal/release/packager.go:275.17,277.4 1 0
go2tv.app/mcp-beam/internal/release/packager.go:278.3,279.17 2 0
go2tv.app/mcp-beam/internal/release/packager.go:279.17,281.4 1 0
go2tv.app/mcp-beam/internal/release/packager.go:283.3,284.17 2 0
go2tv.app/mcp-beam/internal/release/packager.go:284.17,286.4 1 0
go2tv.app/mcp-beam/internal/release/packager.go:287.3,288.17 2 0
go2tv.app/mcp-beam/internal/release/packager.go:288.17,290.4 1 0
go2tv.app/mcp-beam/internal/release/packager.go:291.3,292.19 2 0
go2tv.app/mcp-beam/internal/release/packager.go:292.19,294.4 1 0
go2tv.app/mcp-beam/internal/release/packager.go:294.9,296.4 1 0
go2tv.app/mcp-beam/internal/release/packager.go:298.3,299.17 2 0
go2tv.app/mcp-beam/internal/release/packager.go:299.17,301.4 1 0
go2tv.app/mcp-beam/internal/release/packager.go:302.3,302.31 1 0
go2tv.app/mcp-beam/internal/release/packager.go:302.31,304.4 1 0
go2tv.app/mcp-beam/internal/release/packager.go:305.3,306.17 2 0
go2tv.app/mcp-beam/internal/release/packager.go:306.17,308.4 1 0
go2tv.app/mcp-beam/internal/release/packager.go:309.3,312.13 3 0
go2tv.app/mcp-beam/internal/release/packager.go:316.64,317.44 1 0
go2tv.app/mcp-beam/internal/release/packager.go:317.44,319.3 1 0
go2tv.app/mcp-beam/internal/release/packager.go:321.2,322.37 2 0
go2tv.app/mcp-beam/internal/release/packager.go:322.37,324.17 2 0
go2tv.app/mcp-beam/internal/release/packager.go:324.17,326.4 1 0
go2tv.app/mcp-beam/internal/release/packager.go:327.3,328.74 2 0
go2tv.app/mcp-beam/internal/release/packager.go:330.2,332.75 3 0
go2tv.app/mcp-beam/internal/release/packager.go:332.75,334.3 1 0
go2tv.app/mcp-beam/internal/release/packager.go:335.2,335.12 1 0
go2tv.app/mcp-beam/internal/mcpserver/framing.go:14.57,16.16 2 1
go2tv.app/mcp-beam/internal/mcpserver/framing.go:16.16,17.29 1 1
go2tv.app/mcp-beam/internal/mcpserver/framing.go:17.29,18.23 1 1
go2tv.app/mcp-beam/internal/mcpserver/framing.go:18.23,20.5 1 1
go2tv.app/mcp-beam/internal/mcpserver/framing.go:21.9,23.4 1 0
go2tv.app/mcp-beam/internal/mcpserver/framing.go:26.2,26.80 1 1
go2tv.app/mcp-beam/internal/mcpserver/framing.go:26.80,28.3 1 1
go2tv.app/mcp-beam/internal/mcpserver/framing.go:30.2,34.6 4 1
go2tv.app/mcp-beam/internal/mcpserver/framing.go:34.6,35.21 1 1
go2tv.app/mcp-beam/internal/mcpserver/framing.go:35.21,36.18 1 1
go2tv.app/mcp-beam/internal/mcpserver/framing.go:36.18,37.51 1 0
go2tv.app/mcp-beam/internal/mcpserver/framing.go:37.51,38.46 1 0
go2tv.app/mcp-beam/internal/mcpserver/framing.go:38.46,40.7 1 0
go2tv.app/mcp-beam/internal/mcpserver/framing.go:41.6,41.28 1 0
go2tv.app/mcp-beam/internal/mcpserver/framing.go:43.5,43.13 1 0
go2tv.app/mcp-beam/internal/mcpserver/framing.go:45.4,45.9 1 1
go2tv.app/mcp-beam/internal/mcpserver/framing.go:48.3,50.20 3 1
go2tv.app/mcp-beam/internal/mcpserver/framing.go:50.20,51.9 1 0
go2tv.app/mcp-beam/internal/mcpserver/framing.go:54.3,55.10 2 1
go2tv.app/mcp-beam/internal/mcpserver/framing.go:55.10,56.12 1 0
go2tv.app/mcp-beam/internal/mcpserver/framing.go:59.3,59.47 1 1
go2tv.app/mcp-beam/internal/mcpserver/framing.go:59.47,61.23 2 1
go2tv.app/mcp-beam/internal/mcpserver/framing.go:61.23,63.5 1 0
go2tv.app/mcp-beam/internal/mcpserver/framing.go:64.4,64.26 1 1
go2tv.app/mcp-beam/internal/mcpserver/framing.go:67.3,68.17 2 1
go2tv.app/mcp-beam/internal/mcpserver/framing.go:68.17,69.44 1 0
go2tv.app/mcp-beam/internal/mcpserver/framing.go:69.44,71.5 1 0
go2tv.app/mcp-beam/internal/mcpserver/framing.go:72.4,72.26 1 0
go2tv.app/mcp-beam/internal/mcpserver/framing.go:76.2,76.23 1 1
go2tv.app/mcp-beam/internal/mcpserver/framing.go:76.23,78.3 1 0
go2tv.app/mcp-beam/internal/mcpserver/framing.go:80.2,81.51 2 1
go2tv.app/mcp-beam/internal/mcpserver/framing.go:81.51,83.3 1 0
go2tv.app/mcp-beam/internal/mcpserver/framing.go:85.2,85.28 1 1
go2tv.app/mcp-beam/internal/mcpserver/framing.go:88.86,90.19 2 1
go2tv.app/mcp-beam/internal/mcpserver/framing.go:90.19,92.3 1 0
go2tv.app/mcp-beam/internal/mcpserver/framing.go:93.2,93.74 1 1
go2tv.app/mcp-beam/internal/mcpserver/framing.go:93.74,95.3 1 1
go2tv.app/mcp-beam/internal/mcpserver/framing.go:97.2,98.46 2 1
go2tv.app/mcp-beam/internal/mcpserver/framing.go:98.46,100.3 1 1
go2tv.app/mcp-beam/internal/mcpserver/framing.go:102.2,102.6 1 1
go2tv.app/mcp-beam/internal/mcpserver/framing.go:102.6,104.17 2 1
go2tv.app/mcp-beam/internal/mcpserver/framing.go:104.17,105.30 1 1
go2tv.app/mcp-beam/internal/mcpserver/framing.go:105.30,106.19 1 1
go2tv.app/mcp-beam/internal/mcpserver/framing.go:106.19,108.6 1 0
go2tv.app/mcp-beam/internal/mcpserver/framing.go:109.5,109.51 1 1
go2tv.app/mcp-beam/internal/mcpserver/framing.go:111.4,111.25 1 0
go2tv.app/mcp-beam/internal/mcpserver/framing.go:113.3,114.47 2 0
go2tv.app/mcp-beam/internal/mcpserver/framing.go:114.47,116.4 1 0
go2tv.app/mcp-beam/internal/mcpserver/framing.go:120.64,121.86 1 1
go2tv.app/mcp-beam/internal/mcpserver/framing.go:121.86,123.3 1 0
go2tv.app/mcp-beam/internal/mcpserver/framing.go:124.2,124.44 1 1
go2tv.app/mcp-beam/internal/mcpserver/framing.go:124.44,126.3 1 0
go2tv.app/mcp-beam/internal/mcpserver/framing.go:127.2,127.18 1 1
go2tv.app/mcp-beam/internal/mcpserver/framing.go:130.66,131.44 1 1
go2tv.app/mcp-beam/internal/mcpserver/framing.go:131.44,133.3 1 0
go2tv.app/mcp-beam/internal/mcpserver/framing.go:134.2,134.42 1 1
go2tv.app/mcp-beam/internal/mcpserver/framing.go:134.42,136.3 1 0
go2tv.app/mcp-beam/internal/mcpserver/framing.go:137.2,137.18 1 1
go2tv.app/mcp-beam/internal/mcpserver/server.go:70.59,71.26 1 1
go2tv.app/mcp-beam/internal/mcpserver/server.go:71.26,73.3 1 1
go2tv.app/mcp-beam/internal/mcpserver/server.go:74.2,74.29 1 1
go2tv.app/mcp-beam/internal/mcpserver/server.go:74.29,76.3 1 1
go2tv.app/mcp-beam/internal/mcpserver/server.go:78.2,87.3 1 1
go2tv.app/mcp-beam/internal/mcpserver/server.go:90.49,91.6 1 1
go2tv.app/mcp-beam/internal/mcpserver/server.go:91.6,92.10 1 1
go2tv.app/mcp-beam/internal/mcpserver/server.go:93.21,95.20 2 0
go2tv.app/mcp-beam/internal/mcpserver/server.go:96.11,96.11 0 1
go2tv.app/mcp-beam/internal/mcpserver/server.go:99.3,101.17 3 1
go2tv.app/mcp-beam/internal/mcpserver/server.go:101.17,102.30 1 1
go2tv.app/mcp-beam/internal/mcpserver/server.go:102.30,106.5 3 1
go2tv.app/mcp-beam/internal/mcpserver/server.go:107.4,108.14 2 0
go2tv.app/mcp-beam/internal/mcpserver/server.go:110.3,110.26 1 1
go2tv.app/mcp-beam/internal/mcpserver/server.go:110.26,118.4 3 1
go2tv.app/mcp-beam/internal/mcpserver/server.go:119.3,121.48 2 1
go2tv.app/mcp-beam/internal/mcpserver/server.go:121.48,124.4 2 0
go2tv.app/mcp-beam/internal/mcpserver/server.go:128.68,132.54 3 1
go2tv.app/mcp-beam/internal/mcpserver/server.go:132.54,141.3 2 1
go2tv.app/mcp-beam/internal/mcpserver/server.go:143.2,143.22 1 1
go2tv.app/mcp-beam/internal/mcpserver/server.go:143.22,145.3 1 0
go2tv.app/mcp-beam/internal/mcpserver/server.go:147.2,147.47 1 1
go2tv.app/mcp-beam/internal/mcpserver/server.go:147.47,157.3 2 1
go2tv.app/mcp-beam/internal/mcpserver/server.go:159.2,159.20 1 1
go2tv.app/mcp-beam/internal/mcpserver/server.go:160.20,174.6 2 1
go2tv.app/mcp-beam/internal/mcpserver/server.go:175.20,177.95 2 1
go2tv.app/mcp-beam/internal/mcpserver/server.go:178.20,182.46 4 1
go2tv.app/mcp-beam/internal/mcpserver/server.go:182.46,184.67 2 1
go2tv.app/mcp-beam/internal/mcpserver/server.go:184.67,186.5 1 0
go2tv.app/mcp-beam/internal/mcpserver/server.go:188.3,188.13 1 1
go2tv.app/mcp-beam/internal/mcpserver/server.go:189.10,198.5 2 1
go2tv.app/mcp-beam/internal/mcpserver/server.go:202.107,206.16 3 1
go2tv.app/mcp-beam/internal/mcpserver/server.go:206.16,208.3 1 0
go2tv.app/mcp-beam/internal/mcpserver/server.go:210.2,210.21 1 1
go2tv.app/mcp-beam/internal/mcpserver/server.go:211.29,212.66 1 1
go2tv.app/mcp-beam/internal/mcpserver/server.go:213.20,214.58 1 1
go2tv.app/mcp-beam/internal/mcpserver/server.go:215.28,216.65 1 1
go2tv.app/mcp-beam/internal/mcpserver/server.go:217.22,218.60 1 1
go2tv.app/mcp-beam/internal/mcpserver/server.go:219.22,220.80 1 1
go2tv.app/mcp-beam/internal/mcpserver/server.go:221.23,222.81 1 1
go2tv.app/mcp-beam/internal/mcpserver/server.go:223.28,224.65 1 1
go2tv.app/mcp-beam/internal/mcpserver/server.go:225.22,226.60 1 1
go2tv.app/mcp-beam/internal/mcpserver/server.go:227.22,228.60 1 1
go2tv.app/mcp-beam/internal/mcpserver/server.go:229.28,230.65 1 1
go2tv.app/mcp-beam/internal/mcpserver/server.go:231.10,240.5 2 0
go2tv.app/mcp-beam/internal/mcpserver/server.go:244.73,246.54 2 1
go2tv.app/mcp-beam/internal/mcpserver/server.go:246.54,248.3 1 0
go2tv.app/mcp-beam/internal/mcpserver/server.go:250.2,251.9 2 1
go2tv.app/mcp-beam/internal/mcpserver/server.go:251.9,253.3 1 0
go2tv.app/mcp-beam/internal/mcpserver/server.go:255.2,256.55 2 1
go2tv.app/mcp-beam/internal/mcpserver/server.go:256.55,258.3 1 0
go2tv.app/mcp-beam/internal/mcpserver/server.go:259.2,260.16 2 1
go2tv.app/mcp-beam/internal/mcpserver/server.go:260.16,262.3 1 0
go2tv.app/mcp-beam/internal/mcpserver/server.go:264.2,265.9 2 1
go2tv.app/mcp-beam/internal/mcpserver/server.go:265.9,267.35 2 1
go2tv.app/mcp-beam/internal/mcpserver/server.go:267.35,268.39 1 1
go2tv.app/mcp-beam/internal/mcpserver/server.go:268.39,269.13 1 1
go2tv.app/mcp-beam/internal/mcpserver/server.go:271.4,271.26 1 1
go2tv.app/mcp-beam/internal/mcpserver/server.go:273.3,273.25 1 1
go2tv.app/mcp-beam/internal/mcpserver/server.go:273.25,275.18 2 1
go2tv.app/mcp-beam/internal/mcpserver/server.go:275.18,277.5 1 0
go2tv.app/mcp-beam/internal/mcpserver/server.go:278.4,278.26 1 1
go2tv.app/mcp-beam/internal/mcpserver/server.go:282.2,282.42 1 1
go2tv.app/mcp-beam/internal/mcpserver/server.go:282.42,284.3 1 0
go2tv.app/mcp-beam/internal/mcpserver/server.go:286.2,289.8 1 1
go2tv.app/mcp-beam/internal/mcpserver/server.go:292.110,295.29 2 1
go2tv.app/mcp-beam/internal/mcpserver/server.go:295.29,297.3 1 0
go2tv.app/mcp-beam/internal/mcpserver/server.go:299.2,306.53 2 1
go2tv.app/mcp-beam/internal/mcpserver/server.go:306.53,308.3 1 0
go2tv.app/mcp-beam/internal/mcpserver/server.go:310.2,312.50 3 1
go2tv.app/mcp-beam/internal/mcpserver/server.go:312.50,314.3 1 0
go2tv.app/mcp-beam/internal/mcpserver/server.go:316.2,317.27 2 1
go2tv.app/mcp-beam/internal/mcpserver/server.go:317.27,319.3 1 1
go2tv.app/mcp-beam/internal/mcpserver/server.go:320.2,320.95 1 1
go2tv.app/mcp-beam/internal/mcpserver/server.go:320.95,322.3 1 0
go2tv.app/mcp-beam/internal/mcpserver/server.go:324.2,325.31 2 1
go2tv.app/mcp-beam/internal/mcpserver/server.go:325.31,327.3 1 0
go2tv.app/mcp-beam/internal/mcpserver/server.go:328.2,328.56 1 1
go2tv.app/mcp-beam/internal/mcpserver/server.go:328.56,330.3 1 1
go2tv.app/mcp-beam/internal/mcpserver/server.go:332.2,339.16 2 1
go2tv.app/mcp-beam/internal/mcpserver/server.go:339.16,346.3 2 1
go2tv.app/mcp-beam/internal/mcpserver/server.go:347.2,361.4 2 1
go2tv.app/mcp-beam/internal/mcpserver/server.go:364.117,367.29 2 1
go2tv.app/mcp-beam/internal/mcpserver/server.go:367.29,369.3 1 0
go2tv.app/mcp-beam/internal/mcpserver/server.go:371.2,376.53 2 1
go2tv.app/mcp-beam/internal/mcpserver/server.go:376.53,378.3 1 0
go2tv.app/mcp-beam/internal/mcpserver/server.go:380.2,382.51 3 1
go2tv.app/mcp-beam/internal/mcpserver/server.go:382.51,384.3 1 0
go2tv.app/mcp-beam/internal/mcpserver/server.go:385.2,385.56 1 1
go2tv.app/mcp-beam/internal/mcpserver/server.go:385.56,387.3 1 0
go2tv.app/mcp-beam/internal/mcpserver/server.go:389.2,394.16 2 1
go2tv.app/mcp-beam/internal/mcpserver/server.go:394.16,401.3 2 0
go2tv.app/mcp-beam/internal/mcpserver/server.go:402.2,416.4 2 1
go2tv.app/mcp-beam/internal/mcpserver/server.go:419.112,422.29 2 1
go2tv.app/mcp-beam/internal/mcpserver/server.go:422.29,424.3 1 0
go2tv.app/mcp-beam/internal/mcpserver/server.go:426.2,430.53 2 1
go2tv.app/mcp-beam/internal/mcpserver/server.go:430.53,432.3 1 0
go2tv.app/mcp-beam/internal/mcpserver/server.go:434.2,436.30 3 1
go2tv.app/mcp-beam/internal/mcpserver/server.go:436.30,438.3 1 0
go2tv.app/mcp-beam/internal/mcpserver/server.go:439.2,439.27 1 1
go2tv.app/mcp-beam/internal/mcpserver/server.go:439.27,441.3 1 1
go2tv.app/mcp-beam/internal/mcpserver/server.go:442.2,442.43 1 1
go2tv.app/mcp-beam/internal/mcpserver/server.go:442.43,444.3 1 1
go2tv.app/mcp-beam/internal/mcpserver/server.go:446.2,450.16 2 1
go2tv.app/mcp-beam/internal/mcpserver/server.go:450.16,457.3 2 0
go2tv.app/mcp-beam/internal/mcpserver/server.go:458.2,472.4 2 1
go2tv.app/mcp-beam/internal/mcpserver/server.go:475.133,478.29 2 1
go2tv.app/mcp-beam/internal/mcpserver/server.go:478.29,480.3 1 0
go2tv.app/mcp-beam/internal/mcpserver/server.go:482.2,486.53 2 1
go2tv.app/mcp-beam/internal/mcpserver/server.go:486.53,488.3 1 0
go2tv.app/mcp-beam/internal/mcpserver/server.go:490.2,492.30 3 1
go2tv.app/mcp-beam/internal/mcpserver/server.go:492.30,494.3 1 1
go2tv.app/mcp-beam/internal/mcpserver/server.go:495.2,495.27 1 1
go2tv.app/mcp-beam/internal/mcpserver/server.go:495.27,497.3 1 1
go2tv.app/mcp-beam/internal/mcpserver/server.go:498.2,498.43 1 1
go2tv.app/mcp-beam/internal/mcpserver/server.go:498.43,500.3 1 1
go2tv.app/mcp-beam/internal/mcpserver/server.go:502.2,508.18 4 1
go2tv.app/mcp-beam/internal/mcpserver/server.go:509.22,510.55 1 1
go2tv.app/mcp-beam/internal/mcpserver/server.go:511.23,512.56 1 1
go2tv.app/mcp-beam/internal/mcpserver/server.go:513.10,514.116 1 0
go2tv.app/mcp-beam/internal/mcpserver/server.go:516.2,516.16 1 1
go2tv.app/mcp-beam/internal/mcpserver/server.go:516.16,523.3 2 0
go2tv.app/mcp-beam/internal/mcpserver/server.go:524.2,527.33 3 1
go2tv.app/mcp-beam/internal/mcpserver/server.go:527.33,529.3 1 1
go2tv.app/mcp-beam/internal/mcpserver/server.go:530.2,542.4 1 1
go2tv.app/mcp-beam/internal/mcpserver/server.go:545.117,548.29 2 1
go2tv.app/mcp-beam/internal/mcpserver/server.go:548.29,550.3 1 0
go2tv.app/mcp-beam/internal/mcpserver/server.go:552.2,557.53 2 1
go2tv.app/mcp-beam/internal/mcpserver/server.go:557.53,559.3 1 0
go2tv.app/mcp-beam/internal/mcpserver/server.go:561.2,563.30 3 1
go2tv.app/mcp-beam/internal/mcpserver/server.go:563.30,565.3 1 0
go2tv.app/mcp-beam/internal/mcpserver/server.go:566.2,566.27 1 1
go2tv.app/mcp-beam/internal/mcpserver/server.go:566.27,568.3 1 1
go2tv.app/mcp-beam/internal/mcpserver/server.go:569.2,569.67 1 1
go2tv.app/mcp-beam/internal/mcpserver/server.go:569.67,571.3 1 0
go2tv.app/mcp-beam/internal/mcpserver/server.go:572.2,572.44 1 1
go2tv.app/mcp-beam/internal/mcpserver/server.go:572.44,574.3 1 1
go2tv.app/mcp-beam/internal/mcpserver/server.go:576.2,581.16 2 1
go2tv.app/mcp-beam/internal/mcpserver/server.go:581.16,588.3 2 0
go2tv.app/mcp-beam/internal/mcpserver/server.go:589.2,603.4 2 1
go2tv.app/mcp-beam/internal/mcpserver/server.go:606.112,609.29 2 1
go2tv.app/mcp-beam/internal/mcpserver/server.go:609.29,611.3 1 0
go2tv.app/mcp-beam/internal/mcpserver/server.go:613.2,618.53 2 1
go2tv.app/mcp-beam/internal/mcpserver/server.go:618.53,620.3 1 0
go2tv.app/mcp-beam/internal/mcpserver/server.go:622.2,624.30 3 1
go2tv.app/mcp-beam/internal/mcpserver/server.go:624.30,626.3 1 1
go2tv.app/mcp-beam/internal/mcpserver/server.go:627.2,627.27 1 1
go2tv.app/mcp-beam/internal/mcpserver/server.go:627.27,629.3 1 0
go2tv.app/mcp-beam/internal/mcpserver/server.go:630.2,630.66 1 1
go2tv.app/mcp-beam/internal/mcpserver/server.go:630.66,632.3 1 0
go2tv.app/mcp-beam/internal/mcpserver/server.go:634.2,639.16 2 1
go2tv.app/mcp-beam/internal/mcpserver/server.go:639.16,646.3 2 0
go2tv.app/mcp-beam/internal/mcpserver/server.go:647.2,650.18 3 1
go2tv.app/mcp-beam/internal/mcpserver/server.go:650.18,652.3 1 1
go2tv.app/mcp-beam/internal/mcpserver/server.go:653.2,665.4 1 1
go2tv.app/mcp-beam/internal/mcpserver/server.go:668.112,671.29 2 1
go2tv.app/mcp-beam/internal/mcpserver/server.go:671.29,673.3 1 0
go2tv.app/mcp-beam/internal/mcpserver/server.go:675.2,681.53 2 1
go2tv.app/mcp-beam/internal/mcpserver/server.go:681.53,683.3 1 0
go2tv.app/mcp-beam/internal/mcpserver/server.go:685.2,687.30 3 1
go2tv.app/mcp-beam/internal/mcpserver/server.go:687.30,689.3 1 1
go2tv.app/mcp-beam/internal/mcpserver/server.go:690.2,690.27 1 1
go2tv.app/mcp-beam/internal/mcpserver/server.go:690.27,692.3 1 1
go2tv.app/mcp-beam/internal/mcpserver/server.go:694.2,694.43 1 1
go2tv.app/mcp-beam/internal/mcpserver/server.go:694.43,696.3 1 0
go2tv.app/mcp-beam/internal/mcpserver/server.go:698.2,698.43 1 1
go2tv.app/mcp-beam/internal/mcpserver/server.go:698.43,700.3 1 1
go2tv.app/mcp-beam/internal/mcpserver/server.go:702.2,707.20 3 1
go2tv.app/mcp-beam/internal/mcpserver/server.go:708.26,709.16 1 1
go2tv.app/mcp-beam/internal/mcpserver/server.go:709.16,711.4 1 1
go2tv.app/mcp-beam/internal/mcpserver/server.go:712.3,713.37 2 1
go2tv.app/mcp-beam/internal/mcpserver/server.go:714.17,715.31 1 1
go2tv.app/mcp-beam/internal/mcpserver/server.go:715.31,717.4 1 1
go2tv.app/mcp-beam/internal/mcpserver/server.go:718.3,718.35 1 1
go2tv.app/mcp-beam/internal/mcpserver/server.go:719.26,720.16 1 1
go2tv.app/mcp-beam/internal/mcpserver/server.go:720.16,722.4 1 0
go2tv.app/mcp-beam/internal/mcpserver/server.go:723.3,724.36 2 1
go2tv.app/mcp-beam/internal/mcpserver/server.go:725.23,727.34 2 1
go2tv.app/mcp-beam/internal/mcpserver/server.go:728.10,729.85 1 1
go2tv.app/mcp-beam/internal/mcpserver/server.go:732.2,733.16 2 1
go2tv.app/mcp-beam/internal/mcpserver/server.go:733.16,740.3 2 0
go2tv.app/mcp-beam/internal/mcpserver/server.go:741.2,755.4 2 1
go2tv.app/mcp-beam/internal/mcpserver/server.go:758.117,761.29 2 1
go2tv.app/mcp-beam/internal/mcpserver/server.go:761.29,763.3 1 0
go2tv.app/mcp-beam/internal/mcpserver/server.go:765.2,769.53 2 1
go2tv.app/mcp-beam/internal/mcpserver/server.go:769.53,771.3 1 0
go2tv.app/mcp-beam/internal/mcpserver/server.go:773.2,775.30 3 1
go2tv.app/mcp-beam/internal/mcpserver/server.go:775.30,777.3 1 0
go2tv.app/mcp-beam/internal/mcpserver/server.go:778.2,778.27 1 1
go2tv.app/mcp-beam/internal/mcpserver/server.go:778.27,780.3 1 1
go2tv.app/mcp-beam/internal/mcpserver/server.go:781.2,781.43 1 1
go2tv.app/mcp-beam/internal/mcpserver/server.go:781.43,783.3 1 1
go2tv.app/mcp-beam/internal/mcpserver/server.go:785.2,789.16 2 1
go2tv.app/mcp-beam/internal/mcpserver/server.go:789.16,796.3 2 0
go2tv.app/mcp-beam/internal/mcpserver/server.go:797.2,811.4 2 1
go2tv.app/mcp-beam/internal/mcpserver/server.go:814.118,817.34 2 1
go2tv.app/mcp-beam/internal/mcpserver/server.go:817.34,819.3 1 0
go2tv.app/mcp-beam/internal/mcpserver/server.go:821.2,823.22 3 1
go2tv.app/mcp-beam/internal/mcpserver/server.go:823.22,828.54 2 1
go2tv.app/mcp-beam/internal/mcpserver/server.go:828.54,830.4 1 0
go2tv.app/mcp-beam/internal/mcpserver/server.go:831.3,831.28 1 1
go2tv.app/mcp-beam/internal/mcpserver/server.go:831.28,832.47 1 1
go2tv.app/mcp-beam/internal/mcpserver/server.go:832.47,834.5 1 1
go2tv.app/mcp-beam/internal/mcpserver/server.go:835.4,835.31 1 1
go2tv.app/mcp-beam/internal/mcpserver/server.go:837.3,837.37 1 1
go2tv.app/mcp-beam/internal/mcpserver/server.go:837.37,839.4 1 1
go2tv.app/mcp-beam/internal/mcpserver/server.go:841.2,849.16 3 1
go2tv.app/mcp-beam/internal/mcpserver/server.go:849.16,856.3 2 0
go2tv.app/mcp-beam/internal/mcpserver/server.go:857.2,860.22 4 1
go2tv.app/mcp-beam/internal/mcpserver/server.go:860.22,862.3 1 1
go2tv.app/mcp-beam/internal/mcpserver/server.go:864.2,879.4 1 1
go2tv.app/mcp-beam/internal/mcpserver/server.go:882.55,885.44 3 1
go2tv.app/mcp-beam/internal/mcpserver/server.go:885.44,887.3 1 0
go2tv.app/mcp-beam/internal/mcpserver/server.go:888.2,888.20 1 1
go2tv.app/mcp-beam/internal/mcpserver/server.go:888.20,890.3 1 1
go2tv.app/mcp-beam/internal/mcpserver/server.go:891.2,892.53 2 1
go2tv.app/mcp-beam/internal/mcpserver/server.go:892.53,894.3 1 0
go2tv.app/mcp-beam/internal/mcpserver/server.go:895.2,895.12 1 1
go2tv.app/mcp-beam/internal/mcpserver/server.go:898.119,908.2 2 1
go2tv.app/mcp-beam/internal/mcpserver/server.go:910.139,917.2 2 0
go2tv.app/mcp-beam/internal/mcpserver/server.go:919.59,935.2 1 1
go2tv.app/mcp-beam/internal/mcpserver/server.go:937.57,939.42 2 1
go2tv.app/mcp-beam/internal/mcpserver/server.go:939.42,945.32 3 1
go2tv.app/mcp-beam/internal/mcpserver/server.go:945.32,947.4 1 1
go2tv.app/mcp-beam/internal/mcpserver/server.go:948.3,948.35 1 1
go2tv.app/mcp-beam/internal/mcpserver/server.go:948.35,950.4 1 1
go2tv.app/mcp-beam/internal/mcpserver/server.go:951.3,951.28 1 1
go2tv.app/mcp-beam/internal/mcpserver/server.go:951.28,953.4 1 1
go2tv.app/mcp-beam/internal/mcpserver/server.go:954.3,955.16 2 1
go2tv.app/mcp-beam/internal/mcpserver/server.go:958.2,958.55 1 0
go2tv.app/mcp-beam/internal/mcpserver/server.go:961.38,963.80 2 1
go2tv.app/mcp-beam/internal/mcpserver/server.go:963.80,965.3 1 1
go2tv.app/mcp-beam/internal/mcpserver/server.go:966.2,966.25 1 0
go2tv.app/mcp-beam/internal/mcpserver/server.go:969.101,970.33 1 1
go2tv.app/mcp-beam/internal/mcpserver/server.go:970.33,972.3 1 1
go2tv.app/mcp-beam/internal/mcpserver/server.go:973.2,974.40 2 1
go2tv.app/mcp-beam/internal/mcpserver/server.go:974.40,976.3 1 0
go2tv.app/mcp-beam/internal/mcpserver/server.go:978.2,987.3 1 1
go2tv.app/mcp-beam/internal/mcpserver/server.go:990.44,995.16 4 1
go2tv.app/mcp-beam/internal/mcpserver/server.go:995.16,997.3 1 0
go2tv.app/mcp-beam/internal/mcpserver/server.go:998.2,999.25 2 1
go2tv.app/mcp-beam/internal/mcpserver/server.go:999.25,1001.3 1 1
go2tv.app/mcp-beam/internal/mcpserver/server.go:1002.2,1002.43 1 1
go2tv.app/mcp-beam/internal/mcpserver/server.go:1005.41,1007.12 2 1
go2tv.app/mcp-beam/internal/mcpserver/server.go:1007.12,1010.3 2 1
go2tv.app/mcp-beam/internal/mcpserver/server.go:1012.2,1015.9 3 1
go2tv.app/mcp-beam/internal/mcpserver/server.go:1016.14,1016.14 0 1
go2tv.app/mcp-beam/internal/mcpserver/server.go:1017.17,1022.4 1 0
go2tv.app/mcp-beam/internal/mcpserver/server.go:1026.75,1027.33 1 1
go2tv.app/mcp-beam/internal/mcpserver/server.go:1027.33,1029.3 1 1
go2tv.app/mcp-beam/internal/mcpserver/server.go:1030.2,1030.58 1 1
go2tv.app/mcp-beam/internal/mcpserver/server.go:1033.62,1035.30 2 1
go2tv.app/mcp-beam/internal/mcpserver/server.go:1035.30,1036.12 1 1
go2tv.app/mcp-beam/internal/mcpserver/server.go:1036.12,1038.4 1 1
go2tv.app/mcp-beam/internal/mcpserver/server.go:1039.3,1047.4 1 1
go2tv.app/mcp-beam/internal/mcpserver/server.go:1049.2,1049.21 1 1
go2tv.app/mcp-beam/internal/mcpserver/server.go:1052.66,1053.19 1 1
go2tv.app/mcp-beam/internal/mcpserver/server.go:1053.19,1055.3 1 0
go2tv.app/mcp-beam/internal/mcpserver/server.go:1057.2,1059.35 3 1
go2tv.app/mcp-beam/internal/mcpserver/server.go:1059.35,1061.36 2 1
go2tv.app/mcp-beam/internal/mcpserver/server.go:1061.36,1063.4 1 1
go2tv.app/mcp-beam/internal/mcpserver/server.go:1064.3,1064.21 1 1
go2tv.app/mcp-beam/internal/mcpserver/server.go:1066.2,1066.26 1 1
go2tv.app/mcp-beam/internal/mcpserver/server.go:1066.26,1068.3 1 0
go2tv.app/mcp-beam/internal/mcpserver/server.go:1069.2,1069.25 1 1
go2tv.app/mcp-beam/internal/mcpserver/server.go:1069.25,1070.20 1 0
go2tv.app/mcp-beam/internal/mcpserver/server.go:1070.20,1072.4 1 0
go2tv.app/mcp-beam/internal/mcpserver/server.go:1072.9,1074.4 1 0
go2tv.app/mcp-beam/internal/mcpserver/server.go:1076.2,1076.43 1 1
go2tv.app/mcp-beam/internal/mcpserver/server.go:1076.43,1078.3 1 1
go2tv.app/mcp-beam/internal/mcpserver/server.go:1079.2,1079.21 1 1
go2tv.app/mcp-beam/internal/mcpserver/server.go:1082.27,1307.2 1 1
go2tv.app/mcp-beam/internal/mcpserver/server.go:1309.94,1325.2 1 1
go2tv.app/mcp-beam/internal/discovery/service.go:36.79,37.20 1 1
go2tv.app/mcp-beam/internal/discovery/service.go:37.20,39.3 1 0
go2tv.app/mcp-beam/internal/discovery/service.go:41.2,44.3 1 1
go2tv.app/mcp-beam/internal/discovery/service.go:47.123,48.22 1 1
go2tv.app/mcp-beam/internal/discovery/service.go:48.22,50.3 1 0
go2tv.app/mcp-beam/internal/discovery/service.go:51.2,51.20 1 1
go2tv.app/mcp-beam/internal/discovery/service.go:51.20,53.3 1 0
go2tv.app/mcp-beam/internal/discovery/service.go:55.2,55.19 1 1
go2tv.app/mcp-beam/internal/discovery/service.go:55.19,57.3 1 1
go2tv.app/mcp-beam/internal/discovery/service.go:59.2,64.12 2 1
go2tv.app/mcp-beam/internal/discovery/service.go:64.12,70.3 2 1
go2tv.app/mcp-beam/internal/discovery/service.go:72.2,75.9 3 1
go2tv.app/mcp-beam/internal/discovery/service.go:76.20,77.24 1 0
go2tv.app/mcp-beam/internal/discovery/service.go:78.19,79.32 1 1
go2tv.app/mcp-beam/internal/discovery/service.go:80.28,81.24 1 1
go2tv.app/mcp-beam/internal/discovery/service.go:81.24,82.59 1 0
go2tv.app/mcp-beam/internal/discovery/service.go:82.59,84.5 1 0
go2tv.app/mcp-beam/internal/discovery/service.go:85.4,85.26 1 0
go2tv.app/mcp-beam/internal/discovery/service.go:88.3,89.26 2 1
go2tv.app/mcp-beam/internal/discovery/service.go:89.26,91.4 1 1
go2tv.app/mcp-beam/internal/discovery/service.go:92.3,93.25 2 1
go2tv.app/mcp-beam/internal/discovery/service.go:97.108,104.6 5 1
go2tv.app/mcp-beam/internal/discovery/service.go:104.6,105.35 1 1
go2tv.app/mcp-beam/internal/discovery/service.go:105.35,107.4 1 0
go2tv.app/mcp-beam/internal/discovery/service.go:109.3,110.17 2 1
go2tv.app/mcp-beam/internal/discovery/service.go:110.17,111.23 1 1
go2tv.app/mcp-beam/internal/discovery/service.go:111.23,113.5 1 1
go2tv.app/mcp-beam/internal/discovery/service.go:114.9,114.59 1 1
go2tv.app/mcp-beam/internal/discovery/service.go:114.59,116.4 1 0
go2tv.app/mcp-beam/internal/discovery/service.go:118.3,118.10 1 1
go2tv.app/mcp-beam/internal/discovery/service.go:119.21,120.25 1 0
go2tv.app/mcp-beam/internal/discovery/service.go:121.21,122.34 1 0
go2tv.app/mcp-beam/internal/discovery/service.go:123.17,123.17 0 1
go2tv.app/mcp-beam/internal/discovery/service.go:128.68,130.33 2 1
go2tv.app/mcp-beam/internal/discovery/service.go:130.33,143.3 3 1
go2tv.app/mcp-beam/internal/discovery/service.go:145.2,145.15 1 1
go2tv.app/mcp-beam/internal/discovery/service.go:148.59,150.26 2 1
go2tv.app/mcp-beam/internal/discovery/service.go:150.26,151.56 1 1
go2tv.app/mcp-beam/internal/discovery/service.go:151.56,153.4 1 1
go2tv.app/mcp-beam/internal/discovery/service.go:155.2,155.17 1 1
go2tv.app/mcp-beam/internal/discovery/service.go:158.39,159.38 1 1
go2tv.app/mcp-beam/internal/discovery/service.go:159.38,160.69 1 1
go2tv.app/mcp-beam/internal/discovery/service.go:160.69,162.4 1 1
go2tv.app/mcp-beam/internal/discovery/service.go:163.3,164.21 2 1
go2tv.app/mcp-beam/internal/discovery/service.go:164.21,166.4 1 1
go2tv.app/mcp-beam/internal/discovery/service.go:167.3,168.27 2 0
go2tv.app/mcp-beam/internal/discovery/service.go:168.27,170.4 1 0
go2tv.app/mcp-beam/internal/discovery/service.go:171.3,171.31 1 0
go2tv.app/mcp-beam/internal/discovery/service.go:175.40,176.18 1 1
go2tv.app/mcp-beam/internal/discovery/service.go:177.14,178.11 1 1
go2tv.app/mcp-beam/internal/discovery/service.go:179.20,180.11 1 1
go2tv.app/mcp-beam/internal/discovery/service.go:181.10,182.11 1 0
go2tv.app/mcp-beam/internal/discovery/service.go:186.48,190.2 3 1
go2tv.app/mcp-beam/internal/discovery/service.go:192.46,194.16 2 1
go2tv.app/mcp-beam/internal/discovery/service.go:194.16,196.3 1 0
go2tv.app/mcp-beam/internal/discovery/service.go:198.2,200.16 3 1
go2tv.app/mcp-beam/internal/discovery/service.go:200.16,201.48 1 0
go2tv.app/mcp-beam/internal/discovery/service.go:201.48,203.4 1 0
go2tv.app/mcp-beam/internal/discovery/service.go:203.9,205.4 1 0
go2tv.app/mcp-beam/internal/discovery/service.go:208.2,209.16 2 1
go2tv.app/mcp-beam/internal/discovery/service.go:209.16,211.3 1 1
go2tv.app/mcp-beam/internal/discovery/service.go:213.2,213.86 1 1
go2tv.app/mcp-beam/internal/discovery/service.go:216.44,218.39 2 1
go2tv.app/mcp-beam/internal/discovery/service.go:218.39,220.3 1 1
go2tv.app/mcp-beam/internal/discovery/service.go:221.2,221.37 1 1
go2tv.app/mcp-beam/internal/discovery/service.go:221.37,223.3 1 1
go2tv.app/mcp-beam/internal/discovery/service.go:224.2,224.14 1 0
go2tv.app/mcp-beam/internal/discovery/service.go:227.67,234.18 2 1
go2tv.app/mcp-beam/internal/discovery/service.go:235.20,236.33 1 1
go2tv.app/mcp-beam/internal/discovery/service.go:237.14,242.5 2 1
go2tv.app/mcp-beam/internal/discovery/service.go:243.10,244.34 1 0
go2tv.app/mcp-beam/internal/discovery/service.go:247.2,247.13 1 1
go2tv.app/mcp-beam/internal/discovery/service.go:250.74,252.16 2 0
go2tv.app/mcp-beam/internal/discovery/service.go:252.16,254.3 1 0
go2tv.app/mcp-beam/internal/discovery/service.go:256.2,257.20 2 0
go2tv.app/mcp-beam/internal/discovery/service.go:257.20,259.3 1 0
go2tv.app/mcp-beam/internal/discovery/service.go:260.2,260.25 1 0
go2tv.app/mcp-beam/internal/discovery/service.go:260.25,261.48 1 0
go2tv.app/mcp-beam/internal/discovery/service.go:261.48,263.4 1 0
go2tv.app/mcp-beam/internal/discovery/service.go:263.9,265.4 1 0
go2tv.app/mcp-beam/internal/discovery/service.go:268.2,269.16 2 0
go2tv.app/mcp-beam/internal/discovery/service.go:269.16,271.3 1 0
go2tv.app/mcp-beam/internal/discovery/service.go:272.2,273.13 2 0
go2tv.app/mcp-beam/internal/beam/manager.go:81.63,83.2 1 0
go2tv.app/mcp-beam/internal/beam/manager.go:199.118,233.2 5 1
go2tv.app/mcp-beam/internal/beam/manager.go:236.80,237.14 1 1
go2tv.app/mcp-beam/internal/beam/manager.go:237.14,239.3 1 1
go2tv.app/mcp-beam/internal/beam/manager.go:240.2,240.10 1 1
go2tv.app/mcp-beam/internal/beam/manager.go:243.102,244.24 1 1
go2tv.app/mcp-beam/internal/beam/manager.go:244.24,246.3 1 0
go2tv.app/mcp-beam/internal/beam/manager.go:247.2,247.18 1 1
go2tv.app/mcp-beam/internal/beam/manager.go:247.18,249.3 1 0
go2tv.app/mcp-beam/internal/beam/manager.go:250.2,250.54 1 1
go2tv.app/mcp-beam/internal/beam/manager.go:250.54,252.3 1 0
go2tv.app/mcp-beam/internal/beam/manager.go:254.2,255.19 2 1
go2tv.app/mcp-beam/internal/beam/manager.go:255.20,255.21 0 0
go2tv.app/mcp-beam/internal/beam/manager.go:256.2,256.32 1 1
go2tv.app/mcp-beam/internal/beam/manager.go:256.32,258.3 1 1
go2tv.app/mcp-beam/internal/beam/manager.go:259.2,262.16 3 1
go2tv.app/mcp-beam/internal/beam/manager.go:262.16,264.3 1 0
go2tv.app/mcp-beam/internal/beam/manager.go:266.2,267.16 2 1
go2tv.app/mcp-beam/internal/beam/manager.go:267.16,269.3 1 0
go2tv.app/mcp-beam/internal/beam/manager.go:271.2,271.25 1 1
go2tv.app/mcp-beam/internal/beam/manager.go:272.20,273.54 1 1
go2tv.app/mcp-beam/internal/beam/manager.go:274.14,275.48 1 1
go2tv.app/mcp-beam/internal/beam/manager.go:276.10,277.56 1 1
go2tv.app/mcp-beam/internal/beam/manager.go:283.116,284.24 1 1
go2tv.app/mcp-beam/internal/beam/manager.go:284.24,286.3 1 0
go2tv.app/mcp-beam/internal/beam/manager.go:287.2,287.18 1 1
go2tv.app/mcp-beam/internal/beam/manager.go:287.18,289.3 1 0
go2tv.app/mcp-beam/internal/beam/manager.go:290.2,290.29 1 1
go2tv.app/mcp-beam/internal/beam/manager.go:290.29,292.3 1 0
go2tv.app/mcp-beam/internal/beam/manager.go:294.2,295.40 2 1
go2tv.app/mcp-beam/internal/beam/manager.go:295.40,297.3 1 1
go2tv.app/mcp-beam/internal/beam/manager.go:298.2,299.29 2 1
go2tv.app/mcp-beam/internal/beam/manager.go:299.29,300.28 1 1
go2tv.app/mcp-beam/internal/beam/manager.go:300.28,302.4 1 0
go2tv.app/mcp-beam/internal/beam/manager.go:303.3,303.35 1 1
go2tv.app/mcp-beam/internal/beam/manager.go:306.2,307.19 2 1
go2tv.app/mcp-beam/internal/beam/manager.go:307.20,307.21 0 0
go2tv.app/mcp-beam/internal/beam/manager.go:308.2,308.32 1 1
go2tv.app/mcp-beam/internal/beam/manager.go:308.32,310.3 1 1
go2tv.app/mcp-beam/internal/beam/manager.go:311.2,314.16 3 1
go2tv.app/mcp-beam/internal/beam/manager.go:314.16,316.3 1 0
go2tv.app/mcp-beam/internal/beam/manager.go:317.2,317.37 1 1
go2tv.app/mcp-beam/internal/beam/manager.go:317.37,319.3 1 1
go2tv.app/mcp-beam/internal/beam/manager.go:321.2,322.16 2 1
go2tv.app/mcp-beam/internal/beam/manager.go:322.16,324.3 1 0
go2tv.app/mcp-beam/internal/beam/manager.go:325.2,325.46 1 1
go2tv.app/mcp-beam/internal/beam/manager.go:325.46,327.3 1 1
go2tv.app/mcp-beam/internal/beam/manager.go:327.17,330.3 2 0
go2tv.app/mcp-beam/internal/beam/manager.go:332.2,332.73 1 1
go2tv.app/mcp-beam/internal/beam/manager.go:332.73,335.3 2 0
go2tv.app/mcp-beam/internal/beam/manager.go:337.2,353.13 5 1
go2tv.app/mcp-beam/internal/beam/manager.go:353.13,356.3 2 0
go2tv.app/mcp-beam/internal/beam/manager.go:357.2,366.8 2 1
go2tv.app/mcp-beam/internal/beam/manager.go:369.73,371.13 2 1
go2tv.app/mcp-beam/internal/beam/manager.go:371.13,373.3 1 0
go2tv.app/mcp-beam/internal/beam/manager.go:374.2,388.3 1 1
go2tv.app/mcp-beam/internal/beam/manager.go:396.52,396.81 1 0
go2tv.app/mcp-beam/internal/beam/manager.go:398.148,400.2 1 0
go2tv.app/mcp-beam/internal/beam/manager.go:402.158,404.2 1 0
go2tv.app/mcp-beam/internal/beam/manager.go:406.49,406.75 1 0
go2tv.app/mcp-beam/internal/beam/manager.go:408.50,408.77 1 0
go2tv.app/mcp-beam/internal/beam/manager.go:410.60,410.93 1 0
go2tv.app/mcp-beam/internal/beam/manager.go:412.49,412.75 1 1
go2tv.app/mcp-beam/internal/beam/manager.go:414.67,414.103 1 0
go2tv.app/mcp-beam/internal/beam/manager.go:416.63,416.98 1 0
go2tv.app/mcp-beam/internal/beam/manager.go:418.82,420.2 1 0
go2tv.app/mcp-beam/internal/beam/manager.go:422.64,422.100 1 1
go2tv.app/mcp-beam/internal/beam/manager.go:424.102,425.51 1 1
go2tv.app/mcp-beam/internal/beam/manager.go:425.51,427.3 1 0
go2tv.app/mcp-beam/internal/beam/manager.go:429.2,430.17 2 1
go2tv.app/mcp-beam/internal/beam/manager.go:430.17,432.3 1 0
go2tv.app/mcp-beam/internal/beam/manager.go:434.2,435.43 2 1
go2tv.app/mcp-beam/internal/beam/manager.go:435.43,437.3 1 0
go2tv.app/mcp-beam/internal/beam/manager.go:439.2,444.8 1 1
go2tv.app/mcp-beam/internal/beam/manager.go:447.126,449.2 1 1
go2tv.app/mcp-beam/internal/beam/manager.go:451.127,453.2 1 1
go2tv.app/mcp-beam/internal/beam/manager.go:455.113,456.16 1 1
go2tv.app/mcp-beam/internal/beam/manager.go:456.16,458.3 1 0
go2tv.app/mcp-beam/internal/beam/manager.go:459.2,459.18 1 1
go2tv.app/mcp-beam/internal/beam/manager.go:459.18,461.3 1 0
go2tv.app/mcp-beam/internal/beam/manager.go:462.2,462.51 1 1
go2tv.app/mcp-beam/internal/beam/manager.go:462.51,464.3 1 0
go2tv.app/mcp-beam/internal/beam/manager.go:465.2,465.40 1 1
go2tv.app/mcp-beam/internal/beam/manager.go:465.40,467.3 1 1
go2tv.app/mcp-beam/internal/beam/manager.go:469.2,470.17 2 1
go2tv.app/mcp-beam/internal/beam/manager.go:470.17,472.3 1 0
go2tv.app/mcp-beam/internal/beam/manager.go:474.2,474.66 1 1
go2tv.app/mcp-beam/internal/beam/manager.go:474.66,476.3 1 0
go2tv.app/mcp-beam/internal/beam/manager.go:478.2,483.8 1 1
go2tv.app/mcp-beam/internal/beam/manager.go:486.104,487.16 1 1
go2tv.app/mcp-beam/internal/beam/manager.go:487.16,489.3 1 0
go2tv.app/mcp-beam/internal/beam/manager.go:490.2,490.18 1 1
go2tv.app/mcp-beam/internal/beam/manager.go:490.18,492.3 1 0
go2tv.app/mcp-beam/internal/beam/manager.go:493.2,493.51 1 1
go2tv.app/mcp-beam/internal/beam/manager.go:493.51,495.3 1 0
go2tv.app/mcp-beam/internal/beam/manager.go:497.2,498.17 2 1
go2tv.app/mcp-beam/internal/beam/manager.go:498.17,500.3 1 0
go2tv.app/mcp-beam/internal/beam/manager.go:502.2,502.64 1 1
go2tv.app/mcp-beam/internal/beam/manager.go:502.64,504.3 1 0
go2tv.app/mcp-beam/internal/beam/manager.go:506.2,511.8 1 1
go2tv.app/mcp-beam/internal/beam/manager.go:514.97,515.23 1 1
go2tv.app/mcp-beam/internal/beam/manager.go:516.20,517.29 1 1
go2tv.app/mcp-beam/internal/beam/manager.go:517.29,519.4 1 0
go2tv.app/mcp-beam/internal/beam/manager.go:520.3,521.43 2 1
go2tv.app/mcp-beam/internal/beam/manager.go:521.43,523.4 1 1
go2tv.app/mcp-beam/internal/beam/manager.go:523.18,525.4 1 0
go2tv.app/mcp-beam/internal/beam/manager.go:526.14,527.30 1 1
go2tv.app/mcp-beam/internal/beam/manager.go:527.30,529.4 1 0
go2tv.app/mcp-beam/internal/beam/manager.go:530.3,530.43 1 1
go2tv.app/mcp-beam/internal/beam/manager.go:530.43,532.4 1 1
go2tv.app/mcp-beam/internal/beam/manager.go:532.18,534.4 1 0
go2tv.app/mcp-beam/internal/beam/manager.go:535.10,536.49 1 0
go2tv.app/mcp-beam/internal/beam/manager.go:538.2,538.12 1 1
go2tv.app/mcp-beam/internal/beam/manager.go:541.89,542.23 1 1
go2tv.app/mcp-beam/internal/beam/manager.go:543.20,544.29 1 1
go2tv.app/mcp-beam/internal/beam/manager.go:544.29,546.4 1 0
go2tv.app/mcp-beam/internal/beam/manager.go:547.3,547.43 1 1
go2tv.app/mcp-beam/internal/beam/manager.go:547.43,549.4 1 1
go2tv.app/mcp-beam/internal/beam/manager.go:549.18,551.4 1 0
go2tv.app/mcp-beam/internal/beam/manager.go:552.14,553.30 1 1
go2tv.app/mcp-beam/internal/beam/manager.go:553.30,555.4 1 0
go2tv.app/mcp-beam/internal/beam/manager.go:556.3,557.12 2 1
go2tv.app/mcp-beam/internal/beam/manager.go:557.12,559.4 1 1
go2tv.app/mcp-beam/internal/beam/manager.go:560.3,560.43 1 1
go2tv.app/mcp-beam/internal/beam/manager.go:560.43,562.4 1 1
go2tv.app/mcp-beam/internal/beam/manager.go:562.18,564.4 1 0
go2tv.app/mcp-beam/internal/beam/manager.go:565.10,566.49 1 0
go2tv.app/mcp-beam/internal/beam/manager.go:568.2,568.12 1 1
go2tv.app/mcp-beam/internal/beam/manager.go:571.145,572.16 1 1
go2tv.app/mcp-beam/internal/beam/manager.go:572.16,574.3 1 0
go2tv.app/mcp-beam/internal/beam/manager.go:575.2,575.18 1 1
go2tv.app/mcp-beam/internal/beam/manager.go:575.18,577.3 1 0
go2tv.app/mcp-beam/internal/beam/manager.go:578.2,578.51 1 1
go2tv.app/mcp-beam/internal/beam/manager.go:578.51,580.3 1 1
go2tv.app/mcp-beam/internal/beam/manager.go:582.2,583.17 2 1
go2tv.app/mcp-beam/internal/beam/manager.go:583.17,585.3 1 0
go2tv.app/mcp-beam/internal/beam/manager.go:587.2,588.16 2 1
go2tv.app/mcp-beam/internal/beam/manager.go:589.14,590.50 1 1
go2tv.app/mcp-beam/internal/beam/manager.go:590.50,592.4 1 0
go2tv.app/mcp-beam/internal/beam/manager.go:593.3,593.20 1 1
go2tv.app/mcp-beam/internal/beam/manager.go:594.15,595.51 1 1
go2tv.app/mcp-beam/internal/beam/manager.go:595.51,597.4 1 0
go2tv.app/mcp-beam/internal/beam/manager.go:598.3,598.19 1 1
go2tv.app/mcp-beam/internal/beam/manager.go:599.10,600.77 1 0
go2tv.app/mcp-beam/internal/beam/manager.go:603.2,606.22 4 1
go2tv.app/mcp-beam/internal/beam/manager.go:606.22,608.3 1 1
go2tv.app/mcp-beam/internal/beam/manager.go:609.2,616.8 2 1
go2tv.app/mcp-beam/internal/beam/manager.go:619.73,620.23 1 1
go2tv.app/mcp-beam/internal/beam/manager.go:621.20,622.29 1 1
go2tv.app/mcp-beam/internal/beam/manager.go:622.29,624.4 1 0
go2tv.app/mcp-beam/internal/beam/manager.go:625.3,625.43 1 1
go2tv.app/mcp-beam/internal/beam/manager.go:625.43,627.4 1 1
go2tv.app/mcp-beam/internal/beam/manager.go:627.18,629.4 1 0
go2tv.app/mcp-beam/internal/beam/manager.go:630.14,631.30 1 1
go2tv.app/mcp-beam/internal/beam/manager.go:631.30,633.4 1 0
go2tv.app/mcp-beam/internal/beam/manager.go:634.3,634.43 1 1
go2tv.app/mcp-beam/internal/beam/manager.go:634.43,636.4 1 1
go2tv.app/mcp-beam/internal/beam/manager.go:636.18,638.4 1 0
go2tv.app/mcp-beam/internal/beam/manager.go:639.10,640.49 1 0
go2tv.app/mcp-beam/internal/beam/manager.go:642.2,642.12 1 1
go2tv.app/mcp-beam/internal/beam/manager.go:645.74,646.23 1 1
go2tv.app/mcp-beam/internal/beam/manager.go:647.20,648.29 1 1
go2tv.app/mcp-beam/internal/beam/manager.go:648.29,650.4 1 0
go2tv.app/mcp-beam/internal/beam/manager.go:651.3,651.43 1 1
go2tv.app/mcp-beam/internal/beam/manager.go:651.43,653.4 1 1
go2tv.app/mcp-beam/internal/beam/manager.go:653.18,655.4 1 0
go2tv.app/mcp-beam/internal/beam/manager.go:656.14,657.30 1 1
go2tv.app/mcp-beam/internal/beam/manager.go:657.30,659.4 1 0
go2tv.app/mcp-beam/internal/beam/manager.go:660.3,660.43 1 1
go2tv.app/mcp-beam/internal/beam/manager.go:660.43,662.4 1 1
go2tv.app/mcp-beam/internal/beam/manager.go:662.18,664.4 1 0
go2tv.app/mcp-beam/internal/beam/manager.go:665.10,666.49 1 0
go2tv.app/mcp-beam/internal/beam/manager.go:668.2,668.12 1 1
go2tv.app/mcp-beam/internal/beam/manager.go:671.104,672.16 1 1
go2tv.app/mcp-beam/internal/beam/manager.go:672.16,674.3 1 0
go2tv.app/mcp-beam/internal/beam/manager.go:675.2,675.18 1 1
go2tv.app/mcp-beam/internal/beam/manager.go:675.18,677.3 1 0
go2tv.app/mcp-beam/internal/beam/manager.go:678.2,678.51 1 1
go2tv.app/mcp-beam/internal/beam/manager.go:678.51,680.3 1 1
go2tv.app/mcp-beam/internal/beam/manager.go:682.2,683.32 2 1
go2tv.app/mcp-beam/internal/beam/manager.go:683.32,684.31 1 1
go2tv.app/mcp-beam/internal/beam/manager.go:684.31,686.4 1 0
go2tv.app/mcp-beam/internal/beam/manager.go:687.3,687.14 1 1
go2tv.app/mcp-beam/internal/beam/manager.go:689.2,689.32 1 1
go2tv.app/mcp-beam/internal/beam/manager.go:689.32,690.61 1 1
go2tv.app/mcp-beam/internal/beam/manager.go:690.61,692.4 1 0
go2tv.app/mcp-beam/internal/beam/manager.go:693.3,693.14 1 1
go2tv.app/mcp-beam/internal/beam/manager.go:695.2,695.31 1 1
go2tv.app/mcp-beam/internal/beam/manager.go:695.31,696.30 1 1
go2tv.app/mcp-beam/internal/beam/manager.go:696.30,698.4 1 0
go2tv.app/mcp-beam/internal/beam/manager.go:699.3,699.14 1 1
go2tv.app/mcp-beam/internal/beam/manager.go:701.2,701.29 1 1
go2tv.app/mcp-beam/internal/beam/manager.go:701.29,703.3 1 1
go2tv.app/mcp-beam/internal/beam/manager.go:704.2,704.20 1 1
go2tv.app/mcp-beam/internal/beam/manager.go:704.20,706.3 1 1
go2tv.app/mcp-beam/internal/beam/manager.go:708.2,709.17 2 1
go2tv.app/mcp-beam/internal/beam/manager.go:709.17,711.3 1 0
go2tv.app/mcp-beam/internal/beam/manager.go:713.2,714.16 2 1
go2tv.app/mcp-beam/internal/beam/manager.go:714.16,716.3 1 1
go2tv.app/mcp-beam/internal/beam/manager.go:718.2,718.23 1 1
go2tv.app/mcp-beam/internal/beam/manager.go:719.20,720.29 1 1
go2tv.app/mcp-beam/internal/beam/manager.go:720.29,722.4 1 0
go2tv.app/mcp-beam/internal/beam/manager.go:724.3,724.23 1 1
go2tv.app/mcp-beam/internal/beam/manager.go:724.23,725.81 1 1
go2tv.app/mcp-beam/internal/beam/manager.go:725.81,727.5 1 0
go2tv.app/mcp-beam/internal/beam/manager.go:728.9,729.44 1 1
go2tv.app/mcp-beam/internal/beam/manager.go:729.44,731.5 1 1
go2tv.app/mcp-beam/internal/beam/manager.go:731.19,733.5 1 0
go2tv.app/mcp-beam/internal/beam/manager.go:736.3,739.24 4 1
go2tv.app/mcp-beam/internal/beam/manager.go:740.14,741.30 1 1
go2tv.app/mcp-beam/internal/beam/manager.go:741.30,743.4 1 0
go2tv.app/mcp-beam/internal/beam/manager.go:745.3,747.23 2 1
go2tv.app/mcp-beam/internal/beam/manager.go:747.23,748.84 1 1
go2tv.app/mcp-beam/internal/beam/manager.go:748.84,750.5 1 0
go2tv.app/mcp-beam/internal/beam/manager.go:751.9,752.44 1 1
go2tv.app/mcp-beam/internal/beam/manager.go:752.44,754.5 1 1
go2tv.app/mcp-beam/internal/beam/manager.go:754.19,756.5 1 0
go2tv.app/mcp-beam/internal/beam/manager.go:759.3,763.24 5 1
go2tv.app/mcp-beam/internal/beam/manager.go:764.10,765.54 1 0
go2tv.app/mcp-beam/internal/beam/manager.go:768.2,769.25 2 1
go2tv.app/mcp-beam/internal/beam/manager.go:769.25,772.3 2 1
go2tv.app/mcp-beam/internal/beam/manager.go:774.2,782.8 1 1
go2tv.app/mcp-beam/internal/beam/manager.go:785.113,786.16 1 1
go2tv.app/mcp-beam/internal/beam/manager.go:786.16,788.3 1 0
go2tv.app/mcp-beam/internal/beam/manager.go:789.2,789.18 1 1
go2tv.app/mcp-beam/internal/beam/manager.go:789.18,791.3 1 0
go2tv.app/mcp-beam/internal/beam/manager.go:792.2,792.51 1 1
go2tv.app/mcp-beam/internal/beam/manager.go:792.51,794.3 1 0
go2tv.app/mcp-beam/internal/beam/manager.go:796.2,797.17 2 1
go2tv.app/mcp-beam/internal/beam/manager.go:797.17,799.3 1 0
go2tv.app/mcp-beam/internal/beam/manager.go:801.2,802.23 2 1
go2tv.app/mcp-beam/internal/beam/manager.go:803.20,804.29 1 1
go2tv.app/mcp-beam/internal/beam/manager.go:804.29,806.4 1 0
go2tv.app/mcp-beam/internal/beam/manager.go:808.3,809.43 2 1
go2tv.app/mcp-beam/internal/beam/manager.go:809.43,813.4 3 1
go2tv.app/mcp-beam/internal/beam/manager.go:813.18,815.4 1 0
go2tv.app/mcp-beam/internal/beam/manager.go:816.3,816.20 1 1
go2tv.app/mcp-beam/internal/beam/manager.go:816.20,818.4 1 0
go2tv.app/mcp-beam/internal/beam/manager.go:820.3,822.36 3 1
go2tv.app/mcp-beam/internal/beam/manager.go:822.36,824.4 1 1
go2tv.app/mcp-beam/internal/beam/manager.go:825.3,827.24 3 1
go2tv.app/mcp-beam/internal/beam/manager.go:828.14,829.30 1 1
go2tv.app/mcp-beam/internal/beam/manager.go:829.30,831.4 1 0
go2tv.app/mcp-beam/internal/beam/manager.go:833.3,834.43 2 1
go2tv.app/mcp-beam/internal/beam/manager.go:834.43,838.4 3 1
go2tv.app/mcp-beam/internal/beam/manager.go:838.18,840.4 1 0
go2tv.app/mcp-beam/internal/beam/manager.go:841.3,841.62 1 1
go2tv.app/mcp-beam/internal/beam/manager.go:841.62,843.4 1 1
go2tv.app/mcp-beam/internal/beam/manager.go:845.3,846.48 2 1
go2tv.app/mcp-beam/internal/beam/manager.go:846.48,850.4 3 1
go2tv.app/mcp-beam/internal/beam/manager.go:851.3,851.25 1 1
go2tv.app/mcp-beam/internal/beam/manager.go:851.25,853.4 1 1
go2tv.app/mcp-beam/internal/beam/manager.go:855.3,858.29 3 1
go2tv.app/mcp-beam/internal/beam/manager.go:858.29,860.4 1 1
go2tv.app/mcp-beam/internal/beam/manager.go:861.3,861.67 1 1
go2tv.app/mcp-beam/internal/beam/manager.go:862.10,863.54 1 0
go2tv.app/mcp-beam/internal/beam/manager.go:866.2,866.20 1 1
go2tv.app/mcp-beam/internal/beam/manager.go:869.104,870.61 1 1
go2tv.app/mcp-beam/internal/beam/manager.go:870.61,872.3 1 0
go2tv.app/mcp-beam/internal/beam/manager.go:874.2,875.45 2 1
go2tv.app/mcp-beam/internal/beam/manager.go:875.45,879.3 3 1
go2tv.app/mcp-beam/internal/beam/manager.go:880.2,880.22 1 1
go2tv.app/mcp-beam/internal/beam/manager.go:880.22,882.3 1 1
go2tv.app/mcp-beam/internal/beam/manager.go:884.2,885.43 2 1
go2tv.app/mcp-beam/internal/beam/manager.go:885.43,889.3 3 1
go2tv.app/mcp-beam/internal/beam/manager.go:890.2,890.20 1 1
go2tv.app/mcp-beam/internal/beam/manager.go:890.20,891.46 1 1
go2tv.app/mcp-beam/internal/beam/manager.go:891.46,893.4 1 1
go2tv.app/mcp-beam/internal/beam/manager.go:897.107,898.43 1 1
go2tv.app/mcp-beam/internal/beam/manager.go:898.43,900.3 1 0
go2tv.app/mcp-beam/internal/beam/manager.go:901.2,901.30 1 1
go2tv.app/mcp-beam/internal/beam/manager.go:901.30,903.3 1 0
go2tv.app/mcp-beam/internal/beam/manager.go:904.2,904.28 1 1
go2tv.app/mcp-beam/internal/beam/manager.go:904.28,906.3 1 0
go2tv.app/mcp-beam/internal/beam/manager.go:908.2,909.45 2 1
go2tv.app/mcp-beam/internal/beam/manager.go:909.45,911.3 1 0
go2tv.app/mcp-beam/internal/beam/manager.go:913.2,923.12 5 1
go2tv.app/mcp-beam/internal/beam/manager.go:923.12,925.3 1 1
go2tv.app/mcp-beam/internal/beam/manager.go:927.2,927.93 1 1
go2tv.app/mcp-beam/internal/beam/manager.go:927.93,929.3 1 0
go2tv.app/mcp-beam/internal/beam/manager.go:931.2,932.12 2 1
go2tv.app/mcp-beam/internal/beam/manager.go:935.117,936.44 1 1
go2tv.app/mcp-beam/internal/beam/manager.go:936.44,938.3 1 0
go2tv.app/mcp-beam/internal/beam/manager.go:940.2,941.16 2 1
go2tv.app/mcp-beam/internal/beam/manager.go:941.16,943.3 1 0
go2tv.app/mcp-beam/internal/beam/manager.go:944.2,947.36 2 1
go2tv.app/mcp-beam/internal/beam/manager.go:947.36,949.3 1 1
go2tv.app/mcp-beam/internal/beam/manager.go:951.2,951.42 1 1
go2tv.app/mcp-beam/internal/beam/manager.go:951.42,953.3 1 1
go2tv.app/mcp-beam/internal/beam/manager.go:953.17,955.3 1 0
go2tv.app/mcp-beam/internal/beam/manager.go:958.2,958.36 1 1
go2tv.app/mcp-beam/internal/beam/manager.go:958.36,960.3 1 1
go2tv.app/mcp-beam/internal/beam/manager.go:961.2,961.12 1 1
go2tv.app/mcp-beam/internal/beam/manager.go:964.143,965.26 1 1
go2tv.app/mcp-beam/internal/beam/manager.go:965.26,967.3 1 0
go2tv.app/mcp-beam/internal/beam/manager.go:969.2,970.16 2 1
go2tv.app/mcp-beam/internal/beam/manager.go:970.16,972.3 1 0
go2tv.app/mcp-beam/internal/beam/manager.go:973.2,973.42 1 1
go2tv.app/mcp-beam/internal/beam/manager.go:973.42,975.3 1 1
go2tv.app/mcp-beam/internal/beam/manager.go:975.17,978.3 2 1
go2tv.app/mcp-beam/internal/beam/manager.go:980.2,981.16 2 1
go2tv.app/mcp-beam/internal/beam/manager.go:981.16,984.3 2 1
go2tv.app/mcp-beam/internal/beam/manager.go:986.2,988.54 3 1
go2tv.app/mcp-beam/internal/beam/manager.go:988.54,990.3 1 1
go2tv.app/mcp-beam/internal/beam/manager.go:991.2,991.12 1 1
go2tv.app/mcp-beam/internal/beam/manager.go:991.12,995.3 1 1
go2tv.app/mcp-beam/internal/beam/manager.go:997.2,997.84 1 1
go2tv.app/mcp-beam/internal/beam/manager.go:997.84,1001.3 3 1
go2tv.app/mcp-beam/internal/beam/manager.go:1003.2,1021.13 4 1
go2tv.app/mcp-beam/internal/beam/manager.go:1021.13,1024.3 2 0
go2tv.app/mcp-beam/internal/beam/manager.go:1025.2,1034.8 2 1
go2tv.app/mcp-beam/internal/beam/manager.go:1037.132,1038.25 1 1
go2tv.app/mcp-beam/internal/beam/manager.go:1038.25,1040.3 1 0
go2tv.app/mcp-beam/internal/beam/manager.go:1042.2,1043.20 2 1
go2tv.app/mcp-beam/internal/beam/manager.go:1043.20,1045.3 1 0
go2tv.app/mcp-beam/internal/beam/manager.go:1046.2,1052.15 6 1
go2tv.app/mcp-beam/internal/beam/manager.go:1052.15,1053.24 1 1
go2tv.app/mcp-beam/internal/beam/manager.go:1053.24,1055.4 1 1
go2tv.app/mcp-beam/internal/beam/manager.go:1058.2,1058.6 1 1
go2tv.app/mcp-beam/internal/beam/manager.go:1058.6,1059.10 1 1
go2tv.app/mcp-beam/internal/beam/manager.go:1060.30,1061.14 1 1
go2tv.app/mcp-beam/internal/beam/manager.go:1062.19,1064.35 2 1
go2tv.app/mcp-beam/internal/beam/manager.go:1064.35,1065.13 1 0
go2tv.app/mcp-beam/internal/beam/manager.go:1067.4,1067.59 1 1
go2tv.app/mcp-beam/internal/beam/manager.go:1067.59,1069.5 1 1
go2tv.app/mcp-beam/internal/beam/manager.go:1070.18,1071.93 1 1
go2tv.app/mcp-beam/internal/beam/manager.go:1071.93,1073.5 1 0
go2tv.app/mcp-beam/internal/beam/manager.go:1074.4,1076.17 3 1
go2tv.app/mcp-beam/internal/beam/manager.go:1077.17,1078.35 1 1
go2tv.app/mcp-beam/internal/beam/manager.go:1083.137,1084.26 1 1
go2tv.app/mcp-beam/internal/beam/manager.go:1084.26,1086.3 1 0
go2tv.app/mcp-beam/internal/beam/manager.go:1087.2,1087.28 1 1
go2tv.app/mcp-beam/internal/beam/manager.go:1087.28,1089.3 1 0
go2tv.app/mcp-beam/internal/beam/manager.go:1091.2,1092.18 2 1
go2tv.app/mcp-beam/internal/beam/manager.go:1092.18,1094.3 1 0
go2tv.app/mcp-beam/internal/beam/manager.go:1096.2,1098.33 3 1
go2tv.app/mcp-beam/internal/beam/manager.go:1098.33,1100.3 1 1
go2tv.app/mcp-beam/internal/beam/manager.go:1100.8,1102.3 1 1
go2tv.app/mcp-beam/internal/beam/manager.go:1103.2,1103.16 1 1
go2tv.app/mcp-beam/internal/beam/manager.go:1103.16,1105.3 1 1
go2tv.app/mcp-beam/internal/beam/manager.go:1107.2,1128.26 5 1
go2tv.app/mcp-beam/internal/beam/manager.go:1128.26,1130.3 1 0
go2tv.app/mcp-beam/internal/beam/manager.go:1131.2,1134.13 3 1
go2tv.app/mcp-beam/internal/beam/manager.go:1134.13,1137.3 2 0
go2tv.app/mcp-beam/internal/beam/manager.go:1138.2,1147.8 2 1
go2tv.app/mcp-beam/internal/beam/manager.go:1150.93,1152.18 2 1
go2tv.app/mcp-beam/internal/beam/manager.go:1152.18,1154.3 1 0
go2tv.app/mcp-beam/internal/beam/manager.go:1156.2,1157.37 2 1
go2tv.app/mcp-beam/internal/beam/manager.go:1157.37,1158.42 1 1
go2tv.app/mcp-beam/internal/beam/manager.go:1158.42,1159.12 1 0
go2tv.app/mcp-beam/internal/beam/manager.go:1162.3,1163.17 2 1
go2tv.app/mcp-beam/internal/beam/manager.go:1163.17,1165.4 1 0
go2tv.app/mcp-beam/internal/beam/manager.go:1166.3,1166.65 1 1
go2tv.app/mcp-beam/internal/beam/manager.go:1166.65,1168.4 1 1
go2tv.app/mcp-beam/internal/beam/manager.go:1171.2,1171.88 1 0
go2tv.app/mcp-beam/internal/beam/manager.go:1174.79,1178.25 3 1
go2tv.app/mcp-beam/internal/beam/manager.go:1178.25,1179.49 1 1
go2tv.app/mcp-beam/internal/beam/manager.go:1179.49,1181.4 1 1
go2tv.app/mcp-beam/internal/beam/manager.go:1183.2,1183.25 1 1
go2tv.app/mcp-beam/internal/beam/manager.go:1183.25,1184.51 1 1
go2tv.app/mcp-beam/internal/beam/manager.go:1184.51,1186.4 1 1
go2tv.app/mcp-beam/internal/beam/manager.go:1188.2,1188.25 1 1
go2tv.app/mcp-beam/internal/beam/manager.go:1188.25,1189.66 1 1
go2tv.app/mcp-beam/internal/beam/manager.go:1189.66,1191.4 1 0
go2tv.app/mcp-beam/internal/beam/manager.go:1192.3,1192.68 1 1
go2tv.app/mcp-beam/internal/beam/manager.go:1192.68,1194.4 1 0
go2tv.app/mcp-beam/internal/beam/manager.go:1195.3,1195.65 1 1
go2tv.app/mcp-beam/internal/beam/manager.go:1195.65,1197.4 1 1
go2tv.app/mcp-beam/internal/beam/manager.go:1199.2,1199.12 1 1
go2tv.app/mcp-beam/internal/beam/manager.go:1202.45,1204.95 2 1
go2tv.app/mcp-beam/internal/beam/manager.go:1204.95,1206.3 1 1
go2tv.app/mcp-beam/internal/beam/manager.go:1207.2,1207.19 1 1
go2tv.app/mcp-beam/internal/beam/manager.go:1210.143,1212.18 2 1
go2tv.app/mcp-beam/internal/beam/manager.go:1212.18,1214.3 1 0
go2tv.app/mcp-beam/internal/beam/manager.go:1216.2,1216.33 1 1
go2tv.app/mcp-beam/internal/beam/manager.go:1216.33,1218.3 1 1
go2tv.app/mcp-beam/internal/beam/manager.go:1219.2,1219.49 1 1
go2tv.app/mcp-beam/internal/beam/manager.go:1222.126,1224.16 2 1
go2tv.app/mcp-beam/internal/beam/manager.go:1224.16,1226.3 1 1
go2tv.app/mcp-beam/internal/beam/manager.go:1227.2,1228.16 2 1
go2tv.app/mcp-beam/internal/beam/manager.go:1228.16,1230.3 1 0
go2tv.app/mcp-beam/internal/beam/manager.go:1232.2,1234.16 3 1
go2tv.app/mcp-beam/internal/beam/manager.go:1234.16,1236.3 1 1
go2tv.app/mcp-beam/internal/beam/manager.go:1238.2,1239.16 2 1
go2tv.app/mcp-beam/internal/beam/manager.go:1239.16,1241.3 1 1
go2tv.app/mcp-beam/internal/beam/manager.go:1243.2,1248.17 6 1
go2tv.app/mcp-beam/internal/beam/manager.go:1248.17,1262.101 4 1
go2tv.app/mcp-beam/internal/beam/manager.go:1262.101,1264.4 1 0
go2tv.app/mcp-beam/internal/beam/manager.go:1264.9,1266.4 1 1
go2tv.app/mcp-beam/internal/beam/manager.go:1269.2,1272.24 3 1
go2tv.app/mcp-beam/internal/beam/manager.go:1272.24,1275.3 2 0
go2tv.app/mcp-beam/internal/beam/manager.go:1276.2,1278.50 2 1
go2tv.app/mcp-beam/internal/beam/manager.go:1278.50,1280.3 1 0
go2tv.app/mcp-beam/internal/beam/manager.go:1282.2,1293.8 1 1
go2tv.app/mcp-beam/internal/beam/manager.go:1296.146,1298.64 2 1
go2tv.app/mcp-beam/internal/beam/manager.go:1298.64,1300.3 1 1
go2tv.app/mcp-beam/internal/beam/manager.go:1302.2,1302.38 1 1
go2tv.app/mcp-beam/internal/beam/manager.go:1302.38,1303.30 1 1
go2tv.app/mcp-beam/internal/beam/manager.go:1303.30,1305.4 1 0
go2tv.app/mcp-beam/internal/beam/manager.go:1306.3,1313.9 1 1
go2tv.app/mcp-beam/internal/beam/manager.go:1316.2,1317.16 2 1
go2tv.app/mcp-beam/internal/beam/manager.go:1317.16,1319.3 1 1
go2tv.app/mcp-beam/internal/beam/manager.go:1321.2,1323.38 3 1
go2tv.app/mcp-beam/internal/beam/manager.go:1323.38,1327.3 3 1
go2tv.app/mcp-beam/internal/beam/manager.go:1328.2,1328.16 1 1
go2tv.app/mcp-beam/internal/beam/manager.go:1328.16,1330.3 1 0
go2tv.app/mcp-beam/internal/beam/manager.go:1331.2,1331.41 1 1
go2tv.app/mcp-beam/internal/beam/manager.go:1331.41,1333.3 1 0
go2tv.app/mcp-beam/internal/beam/manager.go:1335.2,1336.29 2 1
go2tv.app/mcp-beam/internal/beam/manager.go:1336.29,1337.55 1 1
go2tv.app/mcp-beam/internal/beam/manager.go:1337.55,1339.4 1 1
go2tv.app/mcp-beam/internal/beam/manager.go:1340.3,1340.68 1 1
go2tv.app/mcp-beam/internal/beam/manager.go:1340.68,1342.4 1 1
go2tv.app/mcp-beam/internal/beam/manager.go:1343.3,1343.91 1 1
go2tv.app/mcp-beam/internal/beam/manager.go:1346.2,1348.29 3 0
go2tv.app/mcp-beam/internal/beam/manager.go:1348.29,1349.43 1 0
go2tv.app/mcp-beam/internal/beam/manager.go:1349.43,1351.18 2 0
go2tv.app/mcp-beam/internal/beam/manager.go:1351.18,1352.52 1 0
go2tv.app/mcp-beam/internal/beam/manager.go:1352.52,1354.6 1 0
go2tv.app/mcp-beam/internal/beam/manager.go:1355.5,1355.20 1 0
go2tv.app/mcp-beam/internal/beam/manager.go:1357.4,1357.22 1 0
go2tv.app/mcp-beam/internal/beam/manager.go:1358.9,1360.4 1 0
go2tv.app/mcp-beam/internal/beam/manager.go:1362.2,1362.18 1 0
go2tv.app/mcp-beam/internal/beam/manager.go:1362.18,1363.55 1 0
go2tv.app/mcp-beam/internal/beam/manager.go:1363.55,1365.4 1 0
go2tv.app/mcp-beam/internal/beam/manager.go:1366.3,1366.91 1 0
go2tv.app/mcp-beam/internal/beam/manager.go:1369.2,1370.16 2 0
go2tv.app/mcp-beam/internal/beam/manager.go:1370.16,1371.50 1 0
go2tv.app/mcp-beam/internal/beam/manager.go:1371.50,1373.4 1 0
go2tv.app/mcp-beam/internal/beam/manager.go:1374.3,1374.18 1 0
go2tv.app/mcp-beam/internal/beam/manager.go:1377.2,1380.17 4 0
go2tv.app/mcp-beam/internal/beam/manager.go:1380.17,1388.3 2 0
go2tv.app/mcp-beam/internal/beam/manager.go:1390.2,1393.24 3 0
go2tv.app/mcp-beam/internal/beam/manager.go:1393.24,1396.3 2 0
go2tv.app/mcp-beam/internal/beam/manager.go:1397.2,1399.50 2 0
go2tv.app/mcp-beam/internal/beam/manager.go:1399.50,1402.3 2 0
go2tv.app/mcp-beam/internal/beam/manager.go:1404.2,1414.8 1 0
go2tv.app/mcp-beam/internal/beam/manager.go:1417.157,1426.44 2 1
go2tv.app/mcp-beam/internal/beam/manager.go:1426.44,1428.3 1 1
go2tv.app/mcp-beam/internal/beam/manager.go:1430.2,1431.16 2 1
go2tv.app/mcp-beam/internal/beam/manager.go:1431.16,1433.3 1 0
go2tv.app/mcp-beam/internal/beam/manager.go:1435.2,1436.24 2 1
go2tv.app/mcp-beam/internal/beam/manager.go:1436.24,1439.3 2 0
go2tv.app/mcp-beam/internal/beam/manager.go:1440.2,1441.23 2 1
go2tv.app/mcp-beam/internal/beam/manager.go:1441.23,1444.3 2 0
go2tv.app/mcp-beam/internal/beam/manager.go:1446.2,1446.50 1 1
go2tv.app/mcp-beam/internal/beam/manager.go:1446.50,1449.3 2 0
go2tv.app/mcp-beam/internal/beam/manager.go:1451.2,1453.22 3 1
go2tv.app/mcp-beam/internal/beam/manager.go:1456.147,1458.16 2 1
go2tv.app/mcp-beam/internal/beam/manager.go:1458.16,1460.3 1 0
go2tv.app/mcp-beam/internal/beam/manager.go:1462.2,1463.16 2 1
go2tv.app/mcp-beam/internal/beam/manager.go:1463.16,1465.3 1 0
go2tv.app/mcp-beam/internal/beam/manager.go:1467.2,1469.16 3 1
go2tv.app/mcp-beam/internal/beam/manager.go:1469.16,1471.3 1 0
go2tv.app/mcp-beam/internal/beam/manager.go:1473.2,1474.16 2 1
go2tv.app/mcp-beam/internal/beam/manager.go:1474.16,1476.3 1 1
go2tv.app/mcp-beam/internal/beam/manager.go:1477.2,1480.22 4 1
go2tv.app/mcp-beam/internal/beam/manager.go:1483.146,1485.64 2 1
go2tv.app/mcp-beam/internal/beam/manager.go:1485.64,1487.3 1 0
go2tv.app/mcp-beam/internal/beam/manager.go:1489.2,1489.38 1 1
go2tv.app/mcp-beam/internal/beam/manager.go:1489.38,1491.3 1 1
go2tv.app/mcp-beam/internal/beam/manager.go:1493.2,1494.16 2 1
go2tv.app/mcp-beam/internal/beam/manager.go:1494.16,1496.3 1 0
go2tv.app/mcp-beam/internal/beam/manager.go:1498.2,1500.38 3 1
go2tv.app/mcp-beam/internal/beam/manager.go:1500.38,1504.3 3 1
go2tv.app/mcp-beam/internal/beam/manager.go:1505.2,1505.16 1 1
go2tv.app/mcp-beam/internal/beam/manager.go:1505.16,1507.3 1 0
go2tv.app/mcp-beam/internal/beam/manager.go:1509.2,1509.41 1 1
go2tv.app/mcp-beam/internal/beam/manager.go:1509.41,1511.22 2 0
go2tv.app/mcp-beam/internal/beam/manager.go:1511.22,1513.4 1 0
go2tv.app/mcp-beam/internal/beam/manager.go:1516.2,1517.16 2 1
go2tv.app/mcp-beam/internal/beam/manager.go:1517.16,1518.55 1 0
go2tv.app/mcp-beam/internal/beam/manager.go:1518.55,1520.4 1 0
go2tv.app/mcp-beam/internal/beam/manager.go:1521.3,1521.18 1 0
go2tv.app/mcp-beam/internal/beam/manager.go:1524.2,1525.16 2 1
go2tv.app/mcp-beam/internal/beam/manager.go:1525.16,1526.55 1 0
go2tv.app/mcp-beam/internal/beam/manager.go:1526.55,1528.4 1 0
go2tv.app/mcp-beam/internal/beam/manager.go:1529.3,1529.18 1 0
go2tv.app/mcp-beam/internal/beam/manager.go:1531.2,1535.22 5 1
go2tv.app/mcp-beam/internal/beam/manager.go:1549.26,1551.16 2 1
go2tv.app/mcp-beam/internal/beam/manager.go:1551.16,1553.3 1 0
go2tv.app/mcp-beam/internal/beam/manager.go:1555.2,1561.40 6 1
go2tv.app/mcp-beam/internal/beam/manager.go:1561.40,1563.3 1 0
go2tv.app/mcp-beam/internal/beam/manager.go:1565.2,1565.47 1 1
go2tv.app/mcp-beam/internal/beam/manager.go:1565.47,1567.3 1 0
go2tv.app/mcp-beam/internal/beam/manager.go:1569.2,1569.42 1 1
go2tv.app/mcp-beam/internal/beam/manager.go:1569.42,1571.3 1 1
go2tv.app/mcp-beam/internal/beam/manager.go:1571.17,1574.3 2 1
go2tv.app/mcp-beam/internal/beam/manager.go:1576.2,1576.40 1 1
go2tv.app/mcp-beam/internal/beam/manager.go:1576.40,1578.43 2 1
go2tv.app/mcp-beam/internal/beam/manager.go:1578.43,1580.4 1 1
go2tv.app/mcp-beam/internal/beam/manager.go:1580.18,1583.4 2 0
go2tv.app/mcp-beam/internal/beam/manager.go:1586.2,1593.8 1 1
go2tv.app/mcp-beam/internal/beam/manager.go:1605.33,1606.40 1 1
go2tv.app/mcp-beam/internal/beam/manager.go:1606.40,1608.3 1 0
go2tv.app/mcp-beam/internal/beam/manager.go:1610.2,1611.26 2 1
go2tv.app/mcp-beam/internal/beam/manager.go:1611.26,1613.3 1 1
go2tv.app/mcp-beam/internal/beam/manager.go:1615.2,1627.16 2 1
go2tv.app/mcp-beam/internal/beam/manager.go:1627.16,1629.3 1 0
go2tv.app/mcp-beam/internal/beam/manager.go:1631.2,1632.21 2 1
go2tv.app/mcp-beam/internal/beam/manager.go:1635.75,1636.17 1 1
go2tv.app/mcp-beam/internal/beam/manager.go:1636.17,1638.3 1 0
go2tv.app/mcp-beam/internal/beam/manager.go:1639.2,1639.29 1 1
go2tv.app/mcp-beam/internal/beam/manager.go:1639.29,1641.3 1 1
go2tv.app/mcp-beam/internal/beam/manager.go:1642.2,1642.29 1 1
go2tv.app/mcp-beam/internal/beam/manager.go:1642.29,1644.3 1 0
go2tv.app/mcp-beam/internal/beam/manager.go:1646.2,1651.6 4 1
go2tv.app/mcp-beam/internal/beam/manager.go:1651.6,1652.10 1 1
go2tv.app/mcp-beam/internal/beam/manager.go:1653.21,1654.10 1 1
[...]
go2tv.app/mcp-beam/internal/beam/manager.go:2386.14,2388.3 1 0
go2tv.app/mcp-beam/internal/beam/manager.go:2390.2,2391.57 2 1
go2tv.app/mcp-beam/internal/beam/manager.go:2391.57,2394.3 2 1
go2tv.app/mcp-beam/internal/beam/manager.go:2395.2,2397.23 3 1
go2tv.app/mcp-beam/internal/beam/manager.go:2400.49,2404.38 4 1
go2tv.app/mcp-beam/internal/beam/manager.go:2404.38,2406.3 1 1
go2tv.app/mcp-beam/internal/beam/manager.go:2407.2,2407.12 1 1
go2tv.app/mcp-beam/internal/beam/manager.go:2410.64,2412.21 2 1
go2tv.app/mcp-beam/internal/beam/manager.go:2412.21,2414.3 1 0
go2tv.app/mcp-beam/internal/beam/manager.go:2416.2,2419.17 4 1
go2tv.app/mcp-beam/internal/beam/manager.go:2419.17,2421.3 1 0
go2tv.app/mcp-beam/internal/beam/manager.go:2422.2,2424.13 3 1
go2tv.app/mcp-beam/internal/beam/manager.go:2427.50,2431.39 4 1
go2tv.app/mcp-beam/internal/beam/manager.go:2431.39,2435.3 3 1
go2tv.app/mcp-beam/internal/beam/manager.go:2436.2,2436.12 1 1
go2tv.app/mcp-beam/internal/beam/manager.go:2439.55,2443.21 3 1
go2tv.app/mcp-beam/internal/beam/manager.go:2443.21,2445.3 1 0
go2tv.app/mcp-beam/internal/beam/manager.go:2446.2,2449.6 3 1
go2tv.app/mcp-beam/internal/beam/manager.go:2449.6,2450.10 1 1
go2tv.app/mcp-beam/internal/beam/manager.go:2451.21,2452.10 1 1
go2tv.app/mcp-beam/internal/beam/manager.go:2453.19,2454.20 1 0
go2tv.app/mcp-beam/internal/beam/manager.go:2459.34,2462.32 3 1
go2tv.app/mcp-beam/internal/beam/manager.go:2462.32,2463.18 1 1
go2tv.app/mcp-beam/internal/beam/manager.go:2463.18,2464.12 1 0
go2tv.app/mcp-beam/internal/beam/manager.go:2467.3,2468.41 2 1
go2tv.app/mcp-beam/internal/beam/manager.go:2468.41,2469.12 1 1
go2tv.app/mcp-beam/internal/beam/manager.go:2471.3,2472.38 2 1
go2tv.app/mcp-beam/internal/beam/manager.go:2476.71,2477.17 1 1
go2tv.app/mcp-beam/internal/beam/manager.go:2477.17,2479.3 1 0
go2tv.app/mcp-beam/internal/beam/manager.go:2481.2,2481.23 1 1
go2tv.app/mcp-beam/internal/beam/manager.go:2482.20,2483.29 1 1
go2tv.app/mcp-beam/internal/beam/manager.go:2483.29,2485.4 1 0
go2tv.app/mcp-beam/internal/beam/manager.go:2486.3,2487.34 2 1
go2tv.app/mcp-beam/internal/beam/manager.go:2487.34,2489.4 1 0
go2tv.app/mcp-beam/internal/beam/manager.go:2490.3,2492.25 3 1
go2tv.app/mcp-beam/internal/beam/manager.go:2492.25,2494.4 1 1
go2tv.app/mcp-beam/internal/beam/manager.go:2495.3,2497.24 3 1
go2tv.app/mcp-beam/internal/beam/manager.go:2498.14,2498.14 0 0
go2tv.app/mcp-beam/internal/beam/manager.go:2500.10,2501.9 1 0
go2tv.app/mcp-beam/internal/beam/manager.go:2505.75,2506.17 1 1
go2tv.app/mcp-beam/internal/beam/manager.go:2506.17,2508.3 1 0
go2tv.app/mcp-beam/internal/beam/manager.go:2510.2,2518.24 7 1
go2tv.app/mcp-beam/internal/beam/manager.go:2518.24,2521.3 2 0
go2tv.app/mcp-beam/internal/beam/manager.go:2522.2,2522.48 1 1
go2tv.app/mcp-beam/internal/beam/manager.go:2522.48,2524.3 1 1
go2tv.app/mcp-beam/internal/beam/manager.go:2526.2,2527.17 2 1
go2tv.app/mcp-beam/internal/beam/manager.go:2527.17,2529.3 1 0
go2tv.app/mcp-beam/internal/beam/manager.go:2531.2,2532.26 2 1
go2tv.app/mcp-beam/internal/beam/manager.go:2532.26,2534.3 1 0
go2tv.app/mcp-beam/internal/beam/manager.go:2536.2,2536.15 1 1
go2tv.app/mcp-beam/internal/beam/manager.go:2537.17,2538.67 1 1
go2tv.app/mcp-beam/internal/beam/manager.go:2538.67,2540.4 1 0
go2tv.app/mcp-beam/internal/beam/manager.go:2541.3,2542.30 2 1
go2tv.app/mcp-beam/internal/beam/manager.go:2542.30,2544.4 1 0
go2tv.app/mcp-beam/internal/beam/manager.go:2545.3,2545.46 1 1
go2tv.app/mcp-beam/internal/beam/manager.go:2546.19,2547.15 1 0
go2tv.app/mcp-beam/internal/beam/manager.go:2548.16,2549.23 1 1
go2tv.app/mcp-beam/internal/beam/manager.go:2549.23,2551.4 1 0
go2tv.app/mcp-beam/internal/beam/manager.go:2552.3,2552.45 1 1
go2tv.app/mcp-beam/internal/beam/manager.go:2553.10,2554.21 1 1
go2tv.app/mcp-beam/internal/beam/manager.go:2554.21,2556.4 1 0
go2tv.app/mcp-beam/internal/beam/manager.go:2557.3,2557.43 1 1
go2tv.app/mcp-beam/internal/beam/manager.go:2561.89,2563.17 2 1
go2tv.app/mcp-beam/internal/beam/manager.go:2563.17,2565.3 1 0
go2tv.app/mcp-beam/internal/beam/manager.go:2566.2,2568.25 2 1
go2tv.app/mcp-beam/internal/beam/manager.go:2568.25,2570.3 1 0
go2tv.app/mcp-beam/internal/beam/manager.go:2571.2,2571.26 1 1
go2tv.app/mcp-beam/internal/beam/manager.go:2571.26,2573.3 1 0
go2tv.app/mcp-beam/internal/beam/manager.go:2574.2,2574.32 1 1
go2tv.app/mcp-beam/internal/beam/manager.go:2574.32,2577.3 2 1
go2tv.app/mcp-beam/internal/beam/manager.go:2578.2,2578.20 1 1
go2tv.app/mcp-beam/internal/beam/manager.go:2578.20,2579.33 1 1
go2tv.app/mcp-beam/internal/beam/manager.go:2579.33,2582.4 2 1
go2tv.app/mcp-beam/internal/beam/manager.go:2584.2,2584.69 1 1
go2tv.app/mcp-beam/internal/beam/manager.go:2584.69,2586.3 1 1
go2tv.app/mcp-beam/internal/beam/manager.go:2589.46,2591.2 1 1
go2tv.app/mcp-beam/internal/beam/manager.go:2593.52,2594.16 1 1
go2tv.app/mcp-beam/internal/beam/manager.go:2594.16,2596.3 1 0
go2tv.app/mcp-beam/internal/beam/manager.go:2598.2,2598.24 1 1
go2tv.app/mcp-beam/internal/beam/manager.go:2598.24,2603.33 4 1
go2tv.app/mcp-beam/internal/beam/manager.go:2603.33,2605.4 1 1
go2tv.app/mcp-beam/internal/beam/manager.go:2607.3,2607.31 1 1
go2tv.app/mcp-beam/internal/beam/manager.go:2607.31,2608.11 1 1
go2tv.app/mcp-beam/internal/beam/manager.go:2609.29,2609.29 0 1
go2tv.app/mcp-beam/internal/beam/manager.go:2610.22,2612.11 2 0
go2tv.app/mcp-beam/internal/beam/manager.go:2616.3,2618.33 3 1
go2tv.app/mcp-beam/internal/beam/manager.go:2618.33,2619.54 1 1
go2tv.app/mcp-beam/internal/beam/manager.go:2619.54,2621.5 1 0
go2tv.app/mcp-beam/internal/beam/manager.go:2623.3,2623.20 1 1
go2tv.app/mcp-beam/internal/beam/manager.go:2623.20,2625.4 1 0
go2tv.app/mcp-beam/internal/beam/manager.go:2628.2,2628.19 1 1
go2tv.app/mcp-beam/internal/beam/manager.go:2631.35,2635.2 3 1
go2tv.app/mcp-beam/internal/beam/manager.go:2637.59,2639.2 1 1
go2tv.app/mcp-beam/internal/beam/manager.go:2646.44,2650.20 4 1
go2tv.app/mcp-beam/internal/beam/manager.go:2650.20,2652.3 1 1
go2tv.app/mcp-beam/internal/beam/manager.go:2653.2,2653.45 1 0
go2tv.app/mcp-beam/internal/beam/manager.go:2656.48,2657.28 1 1
go2tv.app/mcp-beam/internal/beam/manager.go:2657.28,2659.3 1 1
go2tv.app/mcp-beam/internal/beam/manager.go:2660.2,2660.53 1 0
go2tv.app/mcp-beam/internal/beam/manager.go:2663.52,2664.33 1 1
go2tv.app/mcp-beam/internal/beam/manager.go:2664.33,2666.3 1 1
go2tv.app/mcp-beam/internal/beam/manager.go:2667.2,2667.49 1 1
go2tv.app/mcp-beam/internal/beam/manager.go:2670.85,2672.17 2 1
go2tv.app/mcp-beam/internal/beam/manager.go:2672.17,2674.3 1 1
go2tv.app/mcp-beam/internal/beam/manager.go:2676.2,2676.27 1 1
go2tv.app/mcp-beam/internal/beam/manager.go:2676.27,2677.29 1 1
go2tv.app/mcp-beam/internal/beam/manager.go:2677.29,2678.17 1 1
go2tv.app/mcp-beam/internal/beam/manager.go:2678.17,2679.50 1 1
go2tv.app/mcp-beam/internal/beam/manager.go:2679.50,2681.6 1 0
go2tv.app/mcp-beam/internal/beam/manager.go:2683.4,2683.54 1 1
go2tv.app/mcp-beam/internal/beam/manager.go:2683.54,2685.5 1 1
go2tv.app/mcp-beam/internal/beam/manager.go:2687.3,2687.43 1 1
go2tv.app/mcp-beam/internal/beam/manager.go:2687.43,2688.69 1 1
go2tv.app/mcp-beam/internal/beam/manager.go:2688.69,2690.5 1 0
go2tv.app/mcp-beam/internal/beam/manager.go:2690.10,2690.28 1 1
go2tv.app/mcp-beam/internal/beam/manager.go:2690.28,2692.5 1 1
go2tv.app/mcp-beam/internal/beam/manager.go:2694.3,2694.32 1 1
go2tv.app/mcp-beam/internal/beam/manager.go:2694.32,2696.4 1 1
go2tv.app/mcp-beam/internal/beam/manager.go:2697.3,2697.30 1 1
go2tv.app/mcp-beam/internal/beam/manager.go:2697.30,2698.11 1 1
go2tv.app/mcp-beam/internal/beam/manager.go:2699.28,2699.28 0 1
go2tv.app/mcp-beam/internal/beam/manager.go:2700.43,2700.43 0 0
go2tv.app/mcp-beam/internal/beam/manager.go:2703.3,2703.29 1 1
go2tv.app/mcp-beam/internal/beam/manager.go:2703.29,2705.4 1 1
go2tv.app/mcp-beam/internal/beam/manager.go:2706.3,2706.31 1 1
go2tv.app/mcp-beam/internal/beam/manager.go:2706.31,2708.4 1 1
go2tv.app/mcp-beam/internal/beam/manager.go:2710.2,2710.15 1 1
go2tv.app/mcp-beam/internal/beam/manager.go:2713.68,2714.20 1 1
go2tv.app/mcp-beam/internal/beam/manager.go:2714.20,2716.3 1 0
go2tv.app/mcp-beam/internal/beam/manager.go:2718.2,2719.16 2 1
go2tv.app/mcp-beam/internal/beam/manager.go:2719.16,2721.3 1 1
go2tv.app/mcp-beam/internal/beam/manager.go:2722.2,2722.34 1 1
go2tv.app/mcp-beam/internal/beam/manager.go:2722.34,2724.3 1 0
go2tv.app/mcp-beam/internal/beam/manager.go:2725.2,2725.55 1 1
go2tv.app/mcp-beam/internal/beam/manager.go:2725.55,2727.3 1 0
go2tv.app/mcp-beam/internal/beam/manager.go:2728.2,2728.50 1 1
go2tv.app/mcp-beam/internal/beam/manager.go:2731.45,2732.16 1 1
go2tv.app/mcp-beam/internal/beam/manager.go:2732.16,2734.3 1 0
go2tv.app/mcp-beam/internal/beam/manager.go:2735.2,2735.70 1 1
go2tv.app/mcp-beam/internal/beam/manager.go:2738.43,2739.14 1 1
go2tv.app/mcp-beam/internal/beam/manager.go:2739.14,2741.3 1 0
go2tv.app/mcp-beam/internal/beam/manager.go:2742.2,2742.25 1 1
go2tv.app/mcp-beam/internal/beam/manager.go:2742.25,2744.3 1 1
go2tv.app/mcp-beam/internal/beam/manager.go:2745.2,2745.27 1 1
go2tv.app/mcp-beam/internal/beam/manager.go:2745.27,2747.3 1 0
go2tv.app/mcp-beam/internal/beam/manager.go:2750.51,2754.2 3 1
go2tv.app/mcp-beam/internal/beam/manager.go:2756.48,2758.98 2 1
go2tv.app/mcp-beam/internal/beam/manager.go:2758.98,2760.3 1 0
go2tv.app/mcp-beam/internal/beam/manager.go:2762.2,2763.15 2 1
go2tv.app/mcp-beam/internal/beam/manager.go:2763.15,2764.58 1 1
go2tv.app/mcp-beam/internal/beam/manager.go:2764.58,2767.4 2 1
go2tv.app/mcp-beam/internal/beam/manager.go:2770.2,2770.35 1 0
go2tv.app/mcp-beam/internal/beam/manager.go:2773.50,2775.15 2 0
go2tv.app/mcp-beam/internal/beam/manager.go:2775.15,2777.3 1 0
go2tv.app/mcp-beam/internal/beam/manager.go:2778.2,2779.19 2 0
go2tv.app/mcp-beam/internal/beam/manager.go:2779.19,2781.3 1 0
go2tv.app/mcp-beam/internal/beam/manager.go:2782.2,2783.21 2 0
go2tv.app/mcp-beam/internal/beam/manager.go:2783.21,2785.3 1 0
go2tv.app/mcp-beam/internal/beam/manager.go:2786.2,2786.36 1 0
go2tv.app/mcp-beam/internal/beam/manager.go:2789.42,2791.15 2 1
go2tv.app/mcp-beam/internal/beam/manager.go:2791.15,2793.3 1 0
go2tv.app/mcp-beam/internal/beam/manager.go:2794.2,2794.41 1 1
go2tv.app/mcp-beam/internal/beam/manager.go:2797.42,2799.18 2 1
go2tv.app/mcp-beam/internal/beam/manager.go:2799.18,2801.3 1 0
go2tv.app/mcp-beam/internal/beam/manager.go:2802.2,2802.33 1 1
go2tv.app/mcp-beam/internal/beam/manager.go:2802.33,2804.17 2 1
go2tv.app/mcp-beam/internal/beam/manager.go:2804.17,2805.99 1 1
go2tv.app/mcp-beam/internal/beam/manager.go:2805.99,2807.5 1 1
go2tv.app/mcp-beam/internal/beam/manager.go:2808.4,2808.41 1 0
go2tv.app/mcp-beam/internal/beam/manager.go:2811.2,2811.49 1 1
go2tv.app/mcp-beam/internal/beam/manager.go:2814.37,2815.33 1 1
go2tv.app/mcp-beam/internal/beam/manager.go:2815.33,2816.72 1 0
go2tv.app/mcp-beam/internal/beam/manager.go:2816.72,2818.22 2 0
go2tv.app/mcp-beam/internal/beam/manager.go:2818.22,2820.5 1 0
go2tv.app/mcp-beam/internal/beam/manager.go:2824.2,2825.20 2 1
go2tv.app/mcp-beam/internal/beam/manager.go:2825.20,2827.3 1 1
go2tv.app/mcp-beam/internal/beam/manager.go:2828.2,2828.11 1 0
go2tv.app/mcp-beam/internal/beam/manager.go:2834.46,2836.18 2 1
go2tv.app/mcp-beam/internal/beam/manager.go:2836.18,2838.3 1 1
go2tv.app/mcp-beam/internal/beam/manager.go:2839.2,2839.28 1 1
go2tv.app/mcp-beam/internal/beam/manager.go:2839.28,2841.3 1 1
go2tv.app/mcp-beam/internal/beam/manager.go:2842.2,2843.16 2 1
go2tv.app/mcp-beam/internal/beam/manager.go:2843.16,2845.3 1 0
go2tv.app/mcp-beam/internal/beam/manager.go:2846.2,2847.46 2 1
go2tv.app/mcp-beam/internal/beam/manager.go:2850.33,2851.64 1 1
go2tv.app/mcp-beam/internal/beam/manager.go:2851.64,2853.3 1 0
go2tv.app/mcp-beam/internal/beam/manager.go:2854.2,2854.28 1 1
go2tv.app/mcp-beam/internal/beam/manager.go:2854.28,2855.51 1 1
go2tv.app/mcp-beam/internal/beam/manager.go:2855.51,2857.4 1 0
go2tv.app/mcp-beam/internal/beam/manager.go:2859.2,2859.13 1 1
go2tv.app/mcp-beam/internal/beam/manager.go:2862.32,2863.32 1 1
go2tv.app/mcp-beam/internal/beam/manager.go:2863.32,2865.3 1 1
go2tv.app/mcp-beam/internal/beam/manager.go:2866.2,2866.12 1 0
go2tv.app/mcp-beam/internal/beam/manager.go:2869.48,2871.16 2 1
go2tv.app/mcp-beam/internal/beam/manager.go:2871.16,2873.3 1 1
go2tv.app/mcp-beam/internal/beam/manager.go:2874.2,2874.41 1 1
go2tv.app/mcp-beam/internal/beam/manager.go:2874.41,2876.3 1 0
go2tv.app/mcp-beam/internal/beam/manager.go:2877.2,2877.13 1 1
go2tv.app/mcp-beam/internal/beam/manager.go:2880.105,2882.34 2 1
go2tv.app/mcp-beam/internal/beam/manager.go:2882.34,2884.3 1 0
go2tv.app/mcp-beam/internal/beam/manager.go:2886.2,2888.39 3 1
go2tv.app/mcp-beam/internal/beam/manager.go:2888.39,2890.40 2 1
go2tv.app/mcp-beam/internal/beam/manager.go:2890.40,2892.4 1 1
go2tv.app/mcp-beam/internal/beam/manager.go:2893.3,2894.67 2 1
go2tv.app/mcp-beam/internal/beam/manager.go:2894.67,2895.12 1 1
go2tv.app/mcp-beam/internal/beam/manager.go:2897.3,2897.17 1 0
go2tv.app/mcp-beam/internal/beam/manager.go:2897.17,2899.4 1 0
go2tv.app/mcp-beam/internal/beam/manager.go:2901.2,2901.16 1 1
go2tv.app/mcp-beam/internal/beam/manager.go:2904.37,2905.37 1 1
go2tv.app/mcp-beam/internal/beam/manager.go:2905.37,2907.3 1 1
go2tv.app/mcp-beam/internal/beam/manager.go:2908.2,2908.17 1 1
go2tv.app/mcp-beam/internal/beam/manager.go:2911.70,2913.2 1 1
go2tv.app/mcp-beam/internal/beam/manager.go:2915.86,2917.21 2 1
go2tv.app/mcp-beam/internal/beam/manager.go:2917.21,2919.3 1 1
go2tv.app/mcp-beam/internal/beam/manager.go:2920.2,2920.32 1 1
go2tv.app/mcp-beam/internal/beam/manager.go:2920.32,2922.3 1 1
go2tv.app/mcp-beam/internal/beam/manager.go:2924.2,2925.16 2 1
go2tv.app/mcp-beam/internal/beam/manager.go:2925.16,2926.37 1 1
go2tv.app/mcp-beam/internal/beam/manager.go:2926.37,2928.4 1 1
go2tv.app/mcp-beam/internal/beam/manager.go:2929.3,2929.89 1 0
go2tv.app/mcp-beam/internal/beam/manager.go:2931.2,2931.18 1 1
go2tv.app/mcp-beam/internal/beam/manager.go:2931.18,2933.3 1 0
go2tv.app/mcp-beam/internal/beam/manager.go:2935.2,2936.25 2 1
go2tv.app/mcp-beam/internal/beam/manager.go:2936.25,2938.3 1 1
go2tv.app/mcp-beam/internal/beam/manager.go:2940.2,2941.16 2 1
go2tv.app/mcp-beam/internal/beam/manager.go:2941.16,2943.3 1 0
go2tv.app/mcp-beam/internal/beam/manager.go:2944.2,2944.31 1 1
go2tv.app/mcp-beam/internal/beam/manager.go:2944.31,2946.3 1 0
go2tv.app/mcp-beam/internal/beam/manager.go:2947.2,2947.30 1 1
go2tv.app/mcp-beam/internal/beam/manager.go:2947.30,2949.3 1 1
go2tv.app/mcp-beam/internal/beam/manager.go:2950.2,2950.38 1 0
go2tv.app/mcp-beam/internal/beam/manager.go:2953.54,2954.25 1 1
go2tv.app/mcp-beam/internal/beam/manager.go:2954.25,2956.3 1 0
go2tv.app/mcp-beam/internal/beam/manager.go:2957.2,2957.37 1 1
go2tv.app/mcp-beam/internal/beam/manager.go:2957.37,2959.3 1 0
go2tv.app/mcp-beam/internal/beam/manager.go:2961.2,2962.47 2 1
go2tv.app/mcp-beam/internal/beam/manager.go:2962.47,2963.19 1 1
go2tv.app/mcp-beam/internal/beam/manager.go:2963.19,2964.12 1 0
go2tv.app/mcp-beam/internal/beam/manager.go:2966.3,2967.17 2 1
go2tv.app/mcp-beam/internal/beam/manager.go:2967.17,2968.12 1 0
go2tv.app/mcp-beam/internal/beam/manager.go:2970.3,2970.92 1 1
go2tv.app/mcp-beam/internal/beam/manager.go:2970.92,2972.4 1 0
go2tv.app/mcp-beam/internal/beam/manager.go:2974.2,2974.14 1 1
go2tv.app/mcp-beam/internal/beam/manager.go:2977.79,2979.16 2 1
go2tv.app/mcp-beam/internal/beam/manager.go:2979.16,2981.3 1 0
go2tv.app/mcp-beam/internal/beam/manager.go:2982.2,2982.83 1 1
go2tv.app/mcp-beam/internal/beam/manager.go:2982.83,2984.3 1 0
go2tv.app/mcp-beam/internal/beam/manager.go:2986.2,2987.16 2 1
go2tv.app/mcp-beam/internal/beam/manager.go:2987.16,2989.3 1 0
go2tv.app/mcp-beam/internal/beam/manager.go:2990.2,2990.50 1 1
go2tv.app/mcp-beam/internal/beam/manager.go:2990.50,2992.3 1 1
go2tv.app/mcp-beam/internal/beam/manager.go:2993.2,2993.15 1 1
go2tv.app/mcp-beam/internal/beam/manager.go:2996.64,2998.16 2 1
go2tv.app/mcp-beam/internal/beam/manager.go:2998.16,3000.3 1 0
go2tv.app/mcp-beam/internal/beam/manager.go:3001.2,3002.25 2 1
go2tv.app/mcp-beam/internal/beam/manager.go:3002.25,3004.3 1 0
go2tv.app/mcp-beam/internal/beam/manager.go:3005.2,3005.53 1 1
go2tv.app/mcp-beam/internal/beam/manager.go:3005.53,3007.3 1 1
go2tv.app/mcp-beam/internal/beam/manager.go:3008.2,3008.12 1 1
go2tv.app/mcp-beam/internal/beam/manager.go:3011.49,3013.16 2 1
go2tv.app/mcp-beam/internal/beam/manager.go:3013.16,3015.3 1 0
go2tv.app/mcp-beam/internal/beam/manager.go:3016.2,3016.14 1 1
go2tv.app/mcp-beam/internal/beam/manager.go:3017.54,3018.14 1 1
go2tv.app/mcp-beam/internal/beam/manager.go:3019.10,3020.12 1 0
go2tv.app/mcp-beam/internal/beam/manager.go:3024.42,3027.11 3 1
go2tv.app/mcp-beam/internal/beam/manager.go:3028.17,3029.19 1 1
go2tv.app/mcp-beam/internal/beam/manager.go:3030.35,3031.18 1 1
go2tv.app/mcp-beam/internal/beam/manager.go:3032.37,3033.19 1 1
go2tv.app/mcp-beam/internal/beam/manager.go:3034.36,3035.21 1 1
go2tv.app/mcp-beam/internal/beam/manager.go:3036.10,3037.11 1 1
go2tv.app/mcp-beam/internal/beam/manager.go:3041.48,3042.17 1 1
go2tv.app/mcp-beam/internal/beam/manager.go:3042.17,3044.3 1 0
go2tv.app/mcp-beam/internal/beam/manager.go:3045.2,3045.33 1 1
go2tv.app/mcp-beam/internal/beam/manager.go:3052.49,3053.34 1 1
go2tv.app/mcp-beam/internal/beam/manager.go:3053.34,3055.3 1 0
go2tv.app/mcp-beam/internal/beam/manager.go:3057.2,3057.9 1 1
go2tv.app/mcp-beam/internal/beam/manager.go:3058.24,3058.24 0 1
go2tv.app/mcp-beam/internal/beam/manager.go:3059.10,3059.10 0 0
go2tv.app/mcp-beam/internal/beam/manager.go:3063.37,3063.38 0 0
go2tv.app/mcp-beam/internal/beam/manager.go:3065.51,3065.52 0 0
go2tv.app/mcp-beam/internal/beam/manager.go:3067.56,3069.2 1 1
go2tv.app/mcp-beam/internal/beam/manager.go:3071.61,3076.2 1 1
go2tv.app/mcp-beam/internal/beam/manager.go:3078.65,3083.2 1 0
go2tv.app/mcp-beam/internal/beam/manager.go:3085.51,3094.2 1 1
go2tv.app/mcp-beam/internal/beam/manager.go:3096.66,3098.13 2 1
go2tv.app/mcp-beam/internal/beam/manager.go:3098.13,3100.3 1 0
go2tv.app/mcp-beam/internal/beam/manager.go:3101.2,3116.3 1 1
go2tv.app/mcp-beam/internal/beam/manager.go:3119.83,3133.2 1 0
go2tv.app/mcp-beam/internal/beam/manager.go:3135.61,3154.2 1 1
go2tv.app/mcp-beam/internal/beam/manager.go:3156.50,3173.2 1 1
go2tv.app/mcp-beam/internal/beam/manager.go:3175.66,3191.2 1 1
go2tv.app/mcp-beam/internal/beam/manager.go:3193.65,3210.2 1 1
go2tv.app/mcp-beam/internal/beam/manager.go:3212.46,3229.2 1 1
go2tv.app/mcp-beam/internal/beam/manager.go:3231.39,3233.25 2 1
go2tv.app/mcp-beam/internal/beam/manager.go:3233.25,3235.3 1 0
go2tv.app/mcp-beam/internal/beam/manager.go:3236.2,3237.15 2 1
go2tv.app/mcp-beam/internal/beam/manager.go:3237.15,3239.3 1 1
go2tv.app/mcp-beam/internal/beam/manager.go:3240.2,3240.24 1 1
go2tv.app/mcp-beam/internal/beam/manager.go:3243.46,3245.13 2 1
go2tv.app/mcp-beam/internal/beam/manager.go:3245.13,3247.3 1 1
go2tv.app/mcp-beam/internal/beam/manager.go:3248.2,3249.16 2 0
go2tv.app/mcp-beam/internal/beam/manager.go:3249.16,3251.3 1 0
go2tv.app/mcp-beam/internal/beam/manager.go:3252.2,3252.15 1 0
go2tv.app/mcp-beam/internal/beam/manager.go:3255.52,3258.29 3 1
go2tv.app/mcp-beam/internal/beam/manager.go:3258.29,3260.14 2 1
go2tv.app/mcp-beam/internal/beam/manager.go:3260.14,3261.12 1 1
go2tv.app/mcp-beam/internal/beam/manager.go:3263.3,3263.25 1 0
go2tv.app/mcp-beam/internal/beam/manager.go:3263.25,3264.12 1 0
go2tv.app/mcp-beam/internal/beam/manager.go:3266.3,3266.39 1 0
go2tv.app/mcp-beam/internal/beam/manager.go:3268.2,3268.12 1 1
go2tv.app/mcp-beam/internal/beam/manager.go:3271.28,3273.2 1 1
go2tv.app/mcp-beam/internal/beam/manager.go:3275.39,3276.19 1 1
go2tv.app/mcp-beam/internal/beam/manager.go:3276.19,3278.3 1 0
go2tv.app/mcp-beam/internal/beam/manager.go:3279.2,3280.42 2 1
go2tv.app/mcp-beam/internal/beam/manager.go:3280.42,3282.3 1 0
go2tv.app/mcp-beam/internal/beam/manager.go:3283.2,3283.32 1 1
